2025-09-06 13:46:11,753 - INFO - execute_workflow:240 - Starting workflow execution: test-feature
2025-09-06 14:19:47,161 - INFO - execute_workflow:240 - Starting workflow execution: Test Automation
2025-09-06 14:32:04,629 - INFO - execute_workflow:240 - Starting workflow execution: Documentation Test
2025-09-06 20:24:09,254 - INFO - execute_workflow:249 - Starting workflow execution: standalone-20250906_202408
2025-09-06 20:25:45,490 - INFO - execute_workflow:249 - Starting workflow execution: test-mvp-20250906-202545-mvp-initialization
2025-09-06 20:30:05,927 - INFO - execute_workflow:249 - Starting workflow execution: test-mvp-20250906-203005-mvp-initialization
2025-09-06 20:30:27,594 - INFO - execute_workflow:249 - Starting workflow execution: test-mvp-20250906-203027-mvp-initialization
2025-09-06 20:41:15,616 - INFO - execute_workflow:249 - Starting workflow execution: test-mvp-20250906-204115-mvp-initialization
2025-09-06 20:42:00,925 - INFO - execute_workflow:249 - Starting workflow execution: test-feature
2025-09-06 20:42:49,673 - INFO - execute_workflow:249 - Starting workflow execution: test-autonomous
2025-09-06 20:45:07,199 - INFO - execute_workflow:249 - Starting workflow execution: test-autonomous-fix
2025-09-06 20:45:07,200 - INFO - _execute_step:293 - Executing step 01: 01-mvp-entrypoint.md
2025-09-06 20:45:07,315 - INFO - _execute_document_workflow:382 - Workflow step 01 completed successfully
2025-09-06 20:45:07,315 - INFO - _execute_step:304 - ✅ Step 01 completed successfully
2025-09-06 20:45:07,315 - INFO - _execute_step:293 - Executing step 02: 02-gen-prd.md
2025-09-06 20:45:07,414 - INFO - _execute_document_workflow:382 - Workflow step 02 completed successfully
2025-09-06 20:45:07,415 - INFO - _execute_step:304 - ✅ Step 02 completed successfully
2025-09-06 20:45:07,415 - INFO - _execute_step:293 - Executing step 03: 03-gen-srs.md
2025-09-06 20:45:07,532 - INFO - _execute_document_workflow:382 - Workflow step 03 completed successfully
2025-09-06 20:45:07,532 - INFO - _execute_step:304 - ✅ Step 03 completed successfully
2025-09-06 20:45:07,533 - INFO - _execute_step:293 - Executing step 04: 04-gen-design-decisions-lite.md
2025-09-06 20:45:07,648 - INFO - _execute_document_workflow:382 - Workflow step 04 completed successfully
2025-09-06 20:45:07,648 - INFO - _execute_step:304 - ✅ Step 04 completed successfully
2025-09-06 20:45:07,648 - INFO - _execute_step:293 - Executing step 05: 05-gen-design.md
2025-09-06 20:45:07,752 - INFO - _execute_document_workflow:382 - Workflow step 05 completed successfully
2025-09-06 20:45:07,752 - INFO - _execute_step:304 - ✅ Step 05 completed successfully
2025-09-06 20:45:07,753 - INFO - _execute_step:293 - Executing step 06: 06-gen-tasks-and-testing.md
2025-09-06 20:45:07,867 - INFO - _execute_document_workflow:382 - Workflow step 06 completed successfully
2025-09-06 20:45:07,867 - INFO - _execute_step:304 - ✅ Step 06 completed successfully
2025-09-06 20:45:07,867 - INFO - _execute_step:293 - Executing step 07: 07-process-tasks.md
2025-09-06 20:50:32,996 - INFO - execute_workflow:249 - Starting workflow execution: test-mvp-20250906-205032-mvp-initialization
2025-09-06 20:50:32,996 - INFO - _execute_step:293 - Executing step 01: 01-mvp-entrypoint.md
2025-09-06 20:50:33,108 - INFO - _execute_document_workflow:382 - Workflow step 01 completed successfully
2025-09-06 20:50:33,108 - INFO - _execute_step:304 - ✅ Step 01 completed successfully
2025-09-06 20:50:33,108 - INFO - _execute_step:293 - Executing step 02: 02-gen-prd.md
2025-09-06 20:50:33,216 - INFO - _execute_document_workflow:382 - Workflow step 02 completed successfully
2025-09-06 20:50:33,216 - INFO - _execute_step:304 - ✅ Step 02 completed successfully
2025-09-06 20:50:33,216 - INFO - _execute_step:293 - Executing step 03: 03-gen-srs.md
2025-09-06 20:50:33,321 - INFO - _execute_document_workflow:382 - Workflow step 03 completed successfully
2025-09-06 20:50:33,322 - INFO - _execute_step:304 - ✅ Step 03 completed successfully
2025-09-06 20:50:33,322 - INFO - _execute_step:293 - Executing step 04: 04-gen-design-decisions-lite.md
2025-09-06 20:50:33,426 - INFO - _execute_document_workflow:382 - Workflow step 04 completed successfully
2025-09-06 20:50:33,426 - INFO - _execute_step:304 - ✅ Step 04 completed successfully
2025-09-06 20:50:33,426 - INFO - _execute_step:293 - Executing step 05: 05-gen-design.md
2025-09-06 20:50:33,521 - INFO - _execute_document_workflow:382 - Workflow step 05 completed successfully
2025-09-06 20:50:33,522 - INFO - _execute_step:304 - ✅ Step 05 completed successfully
2025-09-06 20:50:33,522 - INFO - _execute_step:293 - Executing step 06: 06-gen-tasks-and-testing.md
2025-09-06 20:50:33,632 - INFO - _execute_document_workflow:382 - Workflow step 06 completed successfully
2025-09-06 20:50:33,632 - INFO - _execute_step:304 - ✅ Step 06 completed successfully
2025-09-06 20:50:33,633 - INFO - _execute_step:293 - Executing step 07: 07-process-tasks.md
2025-09-06 20:52:45,737 - INFO - execute_workflow:249 - Starting workflow execution: test-manual-mvp-mvp-initialization
2025-09-06 20:52:45,737 - INFO - _execute_step:293 - Executing step 01: 01-mvp-entrypoint.md
2025-09-06 20:52:45,849 - INFO - _execute_document_workflow:382 - Workflow step 01 completed successfully
2025-09-06 20:52:45,850 - INFO - _execute_step:304 - ✅ Step 01 completed successfully
2025-09-06 20:52:45,850 - INFO - _execute_step:293 - Executing step 02: 02-gen-prd.md
2025-09-06 20:52:45,950 - INFO - _execute_document_workflow:382 - Workflow step 02 completed successfully
2025-09-06 20:52:45,950 - INFO - _execute_step:304 - ✅ Step 02 completed successfully
2025-09-06 20:52:45,950 - INFO - _execute_step:293 - Executing step 03: 03-gen-srs.md
2025-09-06 20:52:46,058 - INFO - _execute_document_workflow:382 - Workflow step 03 completed successfully
2025-09-06 20:52:46,058 - INFO - _execute_step:304 - ✅ Step 03 completed successfully
2025-09-06 20:52:46,058 - INFO - _execute_step:293 - Executing step 04: 04-gen-design-decisions-lite.md
2025-09-06 20:52:46,162 - INFO - _execute_document_workflow:382 - Workflow step 04 completed successfully
2025-09-06 20:52:46,163 - INFO - _execute_step:304 - ✅ Step 04 completed successfully
2025-09-06 20:52:46,163 - INFO - _execute_step:293 - Executing step 05: 05-gen-design.md
2025-09-06 20:52:46,260 - INFO - _execute_document_workflow:382 - Workflow step 05 completed successfully
2025-09-06 20:52:46,260 - INFO - _execute_step:304 - ✅ Step 05 completed successfully
2025-09-06 20:52:46,260 - INFO - _execute_step:293 - Executing step 06: 06-gen-tasks-and-testing.md
2025-09-06 20:52:46,360 - INFO - _execute_document_workflow:382 - Workflow step 06 completed successfully
2025-09-06 20:52:46,360 - INFO - _execute_step:304 - ✅ Step 06 completed successfully
2025-09-06 20:52:46,360 - INFO - _execute_step:293 - Executing step 07: 07-process-tasks.md
2025-09-06 20:58:15,090 - INFO - execute_workflow:249 - Starting workflow execution: test-interactive-mvp-mvp-initialization
2025-09-06 20:58:15,091 - INFO - _execute_step:293 - Executing step 01: 01-mvp-entrypoint.md
2025-09-06 20:58:15,193 - INFO - _execute_document_workflow:382 - Workflow step 01 completed successfully
2025-09-06 20:58:15,194 - INFO - _execute_step:304 - ✅ Step 01 completed successfully
2025-09-06 20:58:15,194 - INFO - _execute_step:293 - Executing step 02: 02-gen-prd.md
2025-09-06 20:58:15,292 - INFO - _execute_document_workflow:382 - Workflow step 02 completed successfully
2025-09-06 20:58:15,292 - INFO - _execute_step:304 - ✅ Step 02 completed successfully
2025-09-06 20:58:15,293 - INFO - _execute_step:293 - Executing step 03: 03-gen-srs.md
2025-09-06 20:58:15,389 - INFO - _execute_document_workflow:382 - Workflow step 03 completed successfully
2025-09-06 20:58:15,389 - INFO - _execute_step:304 - ✅ Step 03 completed successfully
2025-09-06 20:58:15,390 - INFO - _execute_step:293 - Executing step 04: 04-gen-design-decisions-lite.md
2025-09-06 20:58:15,489 - INFO - _execute_document_workflow:382 - Workflow step 04 completed successfully
2025-09-06 20:58:15,489 - INFO - _execute_step:304 - ✅ Step 04 completed successfully
2025-09-06 20:58:15,489 - INFO - _execute_step:293 - Executing step 05: 05-gen-design.md
2025-09-06 20:58:15,586 - INFO - _execute_document_workflow:382 - Workflow step 05 completed successfully
2025-09-06 20:58:15,586 - INFO - _execute_step:304 - ✅ Step 05 completed successfully
2025-09-06 20:58:15,586 - INFO - _execute_step:293 - Executing step 06: 06-gen-tasks-and-testing.md
2025-09-06 20:58:15,697 - INFO - _execute_document_workflow:382 - Workflow step 06 completed successfully
2025-09-06 20:58:15,697 - INFO - _execute_step:304 - ✅ Step 06 completed successfully
2025-09-06 20:58:15,697 - INFO - _execute_step:293 - Executing step 07: 07-process-tasks.md
2025-09-06 20:58:21,497 - WARNING - _execute_human_gate:322 - Gate rejected: task_implementation
2025-09-06 20:58:21,497 - ERROR - execute_workflow:286 - ❌ Workflow execution failed
2025-09-06 21:01:15,864 - INFO - execute_workflow:249 - Starting workflow execution: test-mvp-20250906-210115-mvp-initialization
2025-09-06 21:01:15,864 - INFO - _execute_step:293 - Executing step 01: 01-mvp-entrypoint.md
2025-09-06 21:01:15,974 - INFO - _execute_document_workflow:382 - Workflow step 01 completed successfully
2025-09-06 21:01:15,975 - INFO - _execute_step:304 - ✅ Step 01 completed successfully
2025-09-06 21:01:15,975 - INFO - _execute_step:293 - Executing step 02: 02-gen-prd.md
2025-09-06 21:01:16,071 - INFO - _execute_document_workflow:382 - Workflow step 02 completed successfully
2025-09-06 21:01:16,071 - INFO - _execute_step:304 - ✅ Step 02 completed successfully
2025-09-06 21:01:16,071 - INFO - _execute_step:293 - Executing step 03: 03-gen-srs.md
2025-09-06 21:01:16,168 - INFO - _execute_document_workflow:382 - Workflow step 03 completed successfully
2025-09-06 21:01:16,168 - INFO - _execute_step:304 - ✅ Step 03 completed successfully
2025-09-06 21:01:16,168 - INFO - _execute_step:293 - Executing step 04: 04-gen-design-decisions-lite.md
2025-09-06 21:01:16,268 - INFO - _execute_document_workflow:382 - Workflow step 04 completed successfully
2025-09-06 21:01:16,269 - INFO - _execute_step:304 - ✅ Step 04 completed successfully
2025-09-06 21:01:16,269 - INFO - _execute_step:293 - Executing step 05: 05-gen-design.md
2025-09-06 21:01:16,376 - INFO - _execute_document_workflow:382 - Workflow step 05 completed successfully
2025-09-06 21:01:16,376 - INFO - _execute_step:304 - ✅ Step 05 completed successfully
2025-09-06 21:01:16,376 - INFO - _execute_step:293 - Executing step 06: 06-gen-tasks-and-testing.md
2025-09-06 21:01:16,484 - INFO - _execute_document_workflow:382 - Workflow step 06 completed successfully
2025-09-06 21:01:16,485 - INFO - _execute_step:304 - ✅ Step 06 completed successfully
2025-09-06 21:01:16,485 - INFO - _execute_step:293 - Executing step 07: 07-process-tasks.md
2025-09-06 21:02:04,276 - INFO - execute_workflow:249 - Starting workflow execution: test-mvp-20250906-210204-mvp-initialization
2025-09-06 21:02:04,277 - INFO - _execute_step:293 - Executing step 01: 01-mvp-entrypoint.md
2025-09-06 21:02:04,388 - INFO - _execute_document_workflow:382 - Workflow step 01 completed successfully
2025-09-06 21:02:04,388 - INFO - _execute_step:304 - ✅ Step 01 completed successfully
2025-09-06 21:02:04,388 - INFO - _execute_step:293 - Executing step 02: 02-gen-prd.md
2025-09-06 21:02:04,495 - INFO - _execute_document_workflow:382 - Workflow step 02 completed successfully
2025-09-06 21:02:04,495 - INFO - _execute_step:304 - ✅ Step 02 completed successfully
2025-09-06 21:02:04,495 - INFO - _execute_step:293 - Executing step 03: 03-gen-srs.md
2025-09-06 21:02:04,592 - INFO - _execute_document_workflow:382 - Workflow step 03 completed successfully
2025-09-06 21:02:04,592 - INFO - _execute_step:304 - ✅ Step 03 completed successfully
2025-09-06 21:02:04,592 - INFO - _execute_step:293 - Executing step 04: 04-gen-design-decisions-lite.md
2025-09-06 21:02:04,691 - INFO - _execute_document_workflow:382 - Workflow step 04 completed successfully
2025-09-06 21:02:04,691 - INFO - _execute_step:304 - ✅ Step 04 completed successfully
2025-09-06 21:02:04,691 - INFO - _execute_step:293 - Executing step 05: 05-gen-design.md
2025-09-06 21:02:04,787 - INFO - _execute_document_workflow:382 - Workflow step 05 completed successfully
2025-09-06 21:02:04,788 - INFO - _execute_step:304 - ✅ Step 05 completed successfully
2025-09-06 21:02:04,788 - INFO - _execute_step:293 - Executing step 06: 06-gen-tasks-and-testing.md
2025-09-06 21:02:04,887 - INFO - _execute_document_workflow:382 - Workflow step 06 completed successfully
2025-09-06 21:02:04,888 - INFO - _execute_step:304 - ✅ Step 06 completed successfully
2025-09-06 21:02:04,888 - INFO - _execute_step:293 - Executing step 07: 07-process-tasks.md
2025-09-06 21:03:19,803 - INFO - execute_workflow:249 - Starting workflow execution: test-no-gates
2025-09-06 21:03:19,803 - INFO - _execute_step:293 - Executing step 01: 01-mvp-entrypoint.md
2025-09-06 21:03:19,927 - INFO - _execute_document_workflow:382 - Workflow step 01 completed successfully
2025-09-06 21:03:19,927 - INFO - _execute_step:304 - ✅ Step 01 completed successfully
2025-09-06 21:03:19,928 - INFO - _execute_step:293 - Executing step 02: 02-gen-prd.md
2025-09-06 21:03:20,038 - INFO - _execute_document_workflow:382 - Workflow step 02 completed successfully
2025-09-06 21:03:20,038 - INFO - _execute_step:304 - ✅ Step 02 completed successfully
2025-09-06 21:03:20,038 - INFO - _execute_step:293 - Executing step 03: 03-gen-srs.md
2025-09-06 21:03:20,146 - INFO - _execute_document_workflow:382 - Workflow step 03 completed successfully
2025-09-06 21:03:20,146 - INFO - _execute_step:304 - ✅ Step 03 completed successfully
2025-09-06 21:03:20,146 - INFO - _execute_step:293 - Executing step 04: 04-gen-design-decisions-lite.md
2025-09-06 21:03:20,257 - INFO - _execute_document_workflow:382 - Workflow step 04 completed successfully
2025-09-06 21:03:20,257 - INFO - _execute_step:304 - ✅ Step 04 completed successfully
2025-09-06 21:03:20,257 - INFO - _execute_step:293 - Executing step 05: 05-gen-design.md
2025-09-06 21:03:20,355 - INFO - _execute_document_workflow:382 - Workflow step 05 completed successfully
2025-09-06 21:03:20,356 - INFO - _execute_step:304 - ✅ Step 05 completed successfully
2025-09-06 21:03:20,356 - INFO - _execute_step:293 - Executing step 06: 06-gen-tasks-and-testing.md
2025-09-06 21:03:20,458 - INFO - _execute_document_workflow:382 - Workflow step 06 completed successfully
2025-09-06 21:03:20,458 - INFO - _execute_step:304 - ✅ Step 06 completed successfully
2025-09-06 21:03:20,459 - INFO - _execute_step:293 - Executing step 07: 07-process-tasks.md
2025-09-06 21:03:48,696 - WARNING - _execute_human_gate:322 - Gate rejected: task_implementation
2025-09-06 21:03:48,696 - ERROR - execute_workflow:286 - ❌ Workflow execution failed
2025-09-06 21:04:13,816 - INFO - execute_workflow:249 - Starting workflow execution: test-mvp-20250906-210413-mvp-initialization
2025-09-06 21:04:13,817 - INFO - _execute_step:293 - Executing step 01: 01-mvp-entrypoint.md
2025-09-06 21:04:13,929 - INFO - _execute_document_workflow:382 - Workflow step 01 completed successfully
2025-09-06 21:04:13,929 - INFO - _execute_step:304 - ✅ Step 01 completed successfully
2025-09-06 21:04:13,929 - INFO - _execute_step:293 - Executing step 02: 02-gen-prd.md
2025-09-06 21:04:14,027 - INFO - _execute_document_workflow:382 - Workflow step 02 completed successfully
2025-09-06 21:04:14,027 - INFO - _execute_step:304 - ✅ Step 02 completed successfully
2025-09-06 21:04:14,027 - INFO - _execute_step:293 - Executing step 03: 03-gen-srs.md
2025-09-06 21:04:14,123 - INFO - _execute_document_workflow:382 - Workflow step 03 completed successfully
2025-09-06 21:04:14,124 - INFO - _execute_step:304 - ✅ Step 03 completed successfully
2025-09-06 21:04:14,124 - INFO - _execute_step:293 - Executing step 04: 04-gen-design-decisions-lite.md
2025-09-06 21:04:14,223 - INFO - _execute_document_workflow:382 - Workflow step 04 completed successfully
2025-09-06 21:04:14,224 - INFO - _execute_step:304 - ✅ Step 04 completed successfully
2025-09-06 21:04:14,224 - INFO - _execute_step:293 - Executing step 05: 05-gen-design.md
2025-09-06 21:04:14,321 - INFO - _execute_document_workflow:382 - Workflow step 05 completed successfully
2025-09-06 21:04:14,321 - INFO - _execute_step:304 - ✅ Step 05 completed successfully
2025-09-06 21:04:14,322 - INFO - _execute_step:293 - Executing step 06: 06-gen-tasks-and-testing.md
2025-09-06 21:04:14,431 - INFO - _execute_document_workflow:382 - Workflow step 06 completed successfully
2025-09-06 21:04:14,431 - INFO - _execute_step:304 - ✅ Step 06 completed successfully
2025-09-06 21:04:14,431 - INFO - _execute_step:293 - Executing step 07: 07-process-tasks.md
2025-09-06 21:05:20,543 - INFO - execute_workflow:249 - Starting workflow execution: debug-test-mvp-initialization
2025-09-06 21:05:20,543 - INFO - _execute_step:293 - Executing step 01: 01-mvp-entrypoint.md
2025-09-06 21:05:20,665 - INFO - _execute_document_workflow:382 - Workflow step 01 completed successfully
2025-09-06 21:05:20,666 - INFO - _execute_step:304 - ✅ Step 01 completed successfully
2025-09-06 21:05:20,666 - INFO - _execute_step:293 - Executing step 02: 02-gen-prd.md
2025-09-06 21:05:20,775 - INFO - _execute_document_workflow:382 - Workflow step 02 completed successfully
2025-09-06 21:05:20,775 - INFO - _execute_step:304 - ✅ Step 02 completed successfully
2025-09-06 21:05:20,776 - INFO - _execute_step:293 - Executing step 03: 03-gen-srs.md
2025-09-06 21:05:20,873 - INFO - _execute_document_workflow:382 - Workflow step 03 completed successfully
2025-09-06 21:05:20,873 - INFO - _execute_step:304 - ✅ Step 03 completed successfully
2025-09-06 21:05:20,873 - INFO - _execute_step:293 - Executing step 04: 04-gen-design-decisions-lite.md
2025-09-06 21:05:20,984 - INFO - _execute_document_workflow:382 - Workflow step 04 completed successfully
2025-09-06 21:05:20,984 - INFO - _execute_step:304 - ✅ Step 04 completed successfully
2025-09-06 21:05:20,984 - INFO - _execute_step:293 - Executing step 05: 05-gen-design.md
2025-09-06 21:05:21,081 - INFO - _execute_document_workflow:382 - Workflow step 05 completed successfully
2025-09-06 21:05:21,081 - INFO - _execute_step:304 - ✅ Step 05 completed successfully
2025-09-06 21:05:21,081 - INFO - _execute_step:293 - Executing step 06: 06-gen-tasks-and-testing.md
2025-09-06 21:05:21,181 - INFO - _execute_document_workflow:382 - Workflow step 06 completed successfully
2025-09-06 21:05:21,181 - INFO - _execute_step:304 - ✅ Step 06 completed successfully
2025-09-06 21:05:21,181 - INFO - _execute_step:293 - Executing step 07: 07-process-tasks.md
2025-09-06 21:05:27,114 - WARNING - _execute_human_gate:322 - Gate rejected: task_implementation
2025-09-06 21:05:27,114 - ERROR - execute_workflow:286 - ❌ Workflow execution failed
2025-09-06 21:06:24,159 - INFO - execute_workflow:249 - Starting workflow execution: full-auto-test-mvp-initialization
2025-09-06 21:06:24,159 - INFO - _execute_step:293 - Executing step 01: 01-mvp-entrypoint.md
2025-09-06 21:06:24,280 - INFO - _execute_document_workflow:382 - Workflow step 01 completed successfully
2025-09-06 21:06:24,280 - INFO - _execute_step:304 - ✅ Step 01 completed successfully
2025-09-06 21:06:24,281 - INFO - _execute_step:293 - Executing step 02: 02-gen-prd.md
2025-09-06 21:06:24,389 - INFO - _execute_document_workflow:382 - Workflow step 02 completed successfully
2025-09-06 21:06:24,389 - INFO - _execute_step:304 - ✅ Step 02 completed successfully
2025-09-06 21:06:24,389 - INFO - _execute_step:293 - Executing step 03: 03-gen-srs.md
2025-09-06 21:06:24,496 - INFO - _execute_document_workflow:382 - Workflow step 03 completed successfully
2025-09-06 21:06:24,497 - INFO - _execute_step:304 - ✅ Step 03 completed successfully
2025-09-06 21:06:24,497 - INFO - _execute_step:293 - Executing step 04: 04-gen-design-decisions-lite.md
2025-09-06 21:06:24,607 - INFO - _execute_document_workflow:382 - Workflow step 04 completed successfully
2025-09-06 21:06:24,607 - INFO - _execute_step:304 - ✅ Step 04 completed successfully
2025-09-06 21:06:24,608 - INFO - _execute_step:293 - Executing step 05: 05-gen-design.md
2025-09-06 21:06:24,704 - INFO - _execute_document_workflow:382 - Workflow step 05 completed successfully
2025-09-06 21:06:24,704 - INFO - _execute_step:304 - ✅ Step 05 completed successfully
2025-09-06 21:06:24,705 - INFO - _execute_step:293 - Executing step 06: 06-gen-tasks-and-testing.md
2025-09-06 21:06:24,804 - INFO - _execute_document_workflow:382 - Workflow step 06 completed successfully
2025-09-06 21:06:24,804 - INFO - _execute_step:304 - ✅ Step 06 completed successfully
2025-09-06 21:06:24,805 - INFO - _execute_step:293 - Executing step 07: 07-process-tasks.md
2025-09-06 21:06:24,905 - INFO - _execute_document_workflow:382 - Workflow step 07 completed successfully
2025-09-06 21:06:24,905 - INFO - _execute_step:304 - ✅ Step 07 completed successfully
2025-09-06 21:06:24,905 - INFO - _execute_step:293 - Executing step 08: 08-gen-completion-summary.md
2025-09-06 21:06:25,006 - INFO - _execute_document_workflow:382 - Workflow step 08 completed successfully
2025-09-06 21:06:25,006 - INFO - _execute_step:304 - ✅ Step 08 completed successfully
2025-09-06 21:06:25,006 - INFO - _execute_step:293 - Executing step 09: 09-gen-project-history.md
2025-09-06 21:06:25,122 - INFO - _execute_document_workflow:382 - Workflow step 09 completed successfully
2025-09-06 21:06:25,122 - INFO - _execute_step:304 - ✅ Step 09 completed successfully
2025-09-06 21:06:25,122 - INFO - execute_workflow:283 - 🎉 Workflow completed successfully!
2025-09-06 21:06:54,682 - INFO - execute_workflow:249 - Starting workflow execution: test-mvp-20250906-210654-mvp-initialization
2025-09-06 21:06:54,682 - INFO - _execute_step:293 - Executing step 01: 01-mvp-entrypoint.md
2025-09-06 21:06:54,786 - INFO - _execute_document_workflow:382 - Workflow step 01 completed successfully
2025-09-06 21:06:54,787 - INFO - _execute_step:304 - ✅ Step 01 completed successfully
2025-09-06 21:06:54,787 - INFO - _execute_step:293 - Executing step 02: 02-gen-prd.md
2025-09-06 21:06:54,895 - INFO - _execute_document_workflow:382 - Workflow step 02 completed successfully
2025-09-06 21:06:54,895 - INFO - _execute_step:304 - ✅ Step 02 completed successfully
2025-09-06 21:06:54,896 - INFO - _execute_step:293 - Executing step 03: 03-gen-srs.md
2025-09-06 21:06:54,992 - INFO - _execute_document_workflow:382 - Workflow step 03 completed successfully
2025-09-06 21:06:54,992 - INFO - _execute_step:304 - ✅ Step 03 completed successfully
2025-09-06 21:06:54,993 - INFO - _execute_step:293 - Executing step 04: 04-gen-design-decisions-lite.md
2025-09-06 21:06:55,094 - INFO - _execute_document_workflow:382 - Workflow step 04 completed successfully
2025-09-06 21:06:55,094 - INFO - _execute_step:304 - ✅ Step 04 completed successfully
2025-09-06 21:06:55,094 - INFO - _execute_step:293 - Executing step 05: 05-gen-design.md
2025-09-06 21:06:55,192 - INFO - _execute_document_workflow:382 - Workflow step 05 completed successfully
2025-09-06 21:06:55,192 - INFO - _execute_step:304 - ✅ Step 05 completed successfully
2025-09-06 21:06:55,192 - INFO - _execute_step:293 - Executing step 06: 06-gen-tasks-and-testing.md
2025-09-06 21:06:55,306 - INFO - _execute_document_workflow:382 - Workflow step 06 completed successfully
2025-09-06 21:06:55,306 - INFO - _execute_step:304 - ✅ Step 06 completed successfully
2025-09-06 21:06:55,307 - INFO - _execute_step:293 - Executing step 07: 07-process-tasks.md
2025-09-06 21:06:55,417 - INFO - _execute_document_workflow:382 - Workflow step 07 completed successfully
2025-09-06 21:06:55,418 - INFO - _execute_step:304 - ✅ Step 07 completed successfully
2025-09-06 21:06:55,418 - INFO - _execute_step:293 - Executing step 08: 08-gen-completion-summary.md
2025-09-06 21:06:55,522 - INFO - _execute_document_workflow:382 - Workflow step 08 completed successfully
2025-09-06 21:06:55,522 - INFO - _execute_step:304 - ✅ Step 08 completed successfully
2025-09-06 21:06:55,523 - INFO - _execute_step:293 - Executing step 09: 09-gen-project-history.md
2025-09-06 21:06:55,646 - INFO - _execute_document_workflow:382 - Workflow step 09 completed successfully
2025-09-06 21:06:55,646 - INFO - _execute_step:304 - ✅ Step 09 completed successfully
2025-09-06 21:06:55,646 - INFO - execute_workflow:283 - 🎉 Workflow completed successfully!
2025-09-06 21:06:55,816 - INFO - execute_workflow:249 - Starting workflow execution: standalone-20250906_210654
2025-09-06 21:06:55,817 - INFO - _execute_step:293 - Executing step 01: 01-mvp-entrypoint.md
2025-09-06 21:06:55,928 - INFO - _execute_document_workflow:382 - Workflow step 01 completed successfully
2025-09-06 21:06:55,928 - INFO - _execute_step:304 - ✅ Step 01 completed successfully
2025-09-06 21:06:55,928 - INFO - _execute_step:293 - Executing step 02: 02-gen-prd.md
2025-09-06 21:06:56,036 - INFO - _execute_document_workflow:382 - Workflow step 02 completed successfully
2025-09-06 21:06:56,036 - INFO - _execute_step:304 - ✅ Step 02 completed successfully
2025-09-06 21:06:56,036 - INFO - _execute_step:293 - Executing step 03: 03-gen-srs.md
2025-09-06 21:06:56,132 - INFO - _execute_document_workflow:382 - Workflow step 03 completed successfully
2025-09-06 21:06:56,133 - INFO - _execute_step:304 - ✅ Step 03 completed successfully
2025-09-06 21:06:56,133 - INFO - _execute_step:293 - Executing step 04: 04-gen-design-decisions-lite.md
2025-09-06 21:06:56,232 - INFO - _execute_document_workflow:382 - Workflow step 04 completed successfully
2025-09-06 21:06:56,232 - INFO - _execute_step:304 - ✅ Step 04 completed successfully
2025-09-06 21:06:56,232 - INFO - _execute_step:293 - Executing step 05: 05-gen-design.md
2025-09-06 21:06:56,332 - INFO - _execute_document_workflow:382 - Workflow step 05 completed successfully
2025-09-06 21:06:56,332 - INFO - _execute_step:304 - ✅ Step 05 completed successfully
2025-09-06 21:06:56,332 - INFO - _execute_step:293 - Executing step 06: 06-gen-tasks-and-testing.md
2025-09-06 21:06:56,435 - INFO - _execute_document_workflow:382 - Workflow step 06 completed successfully
2025-09-06 21:06:56,436 - INFO - _execute_step:304 - ✅ Step 06 completed successfully
2025-09-06 21:06:56,436 - INFO - _execute_step:293 - Executing step 07: 07-process-tasks.md
2025-09-06 21:06:56,537 - INFO - _execute_document_workflow:382 - Workflow step 07 completed successfully
2025-09-06 21:06:56,537 - INFO - _execute_step:304 - ✅ Step 07 completed successfully
2025-09-06 21:06:56,537 - INFO - _execute_step:293 - Executing step 08: 08-gen-completion-summary.md
2025-09-06 21:06:56,636 - INFO - _execute_document_workflow:382 - Workflow step 08 completed successfully
2025-09-06 21:06:56,637 - INFO - _execute_step:304 - ✅ Step 08 completed successfully
2025-09-06 21:06:56,637 - INFO - _execute_step:293 - Executing step 09: 09-gen-project-history.md
2025-09-06 21:06:56,742 - INFO - _execute_document_workflow:382 - Workflow step 09 completed successfully
2025-09-06 21:06:56,742 - INFO - _execute_step:304 - ✅ Step 09 completed successfully
2025-09-06 21:06:56,742 - INFO - execute_workflow:283 - 🎉 Workflow completed successfully!
2025-09-06 21:08:56,859 - INFO - execute_workflow:249 - Starting workflow execution: test-mvp-20250906-210856-mvp-initialization
2025-09-06 21:08:56,860 - INFO - _execute_step:293 - Executing step 01: 01-mvp-entrypoint.md
2025-09-06 21:08:56,971 - INFO - _execute_document_workflow:382 - Workflow step 01 completed successfully
2025-09-06 21:08:56,971 - INFO - _execute_step:304 - ✅ Step 01 completed successfully
2025-09-06 21:08:56,972 - INFO - _execute_step:293 - Executing step 02: 02-gen-prd.md
2025-09-06 21:08:57,070 - INFO - _execute_document_workflow:382 - Workflow step 02 completed successfully
2025-09-06 21:08:57,070 - INFO - _execute_step:304 - ✅ Step 02 completed successfully
2025-09-06 21:08:57,070 - INFO - _execute_step:293 - Executing step 03: 03-gen-srs.md
2025-09-06 21:08:57,170 - INFO - _execute_document_workflow:382 - Workflow step 03 completed successfully
2025-09-06 21:08:57,170 - INFO - _execute_step:304 - ✅ Step 03 completed successfully
2025-09-06 21:08:57,170 - INFO - _execute_step:293 - Executing step 04: 04-gen-design-decisions-lite.md
2025-09-06 21:08:57,274 - INFO - _execute_document_workflow:382 - Workflow step 04 completed successfully
2025-09-06 21:08:57,274 - INFO - _execute_step:304 - ✅ Step 04 completed successfully
2025-09-06 21:08:57,274 - INFO - _execute_step:293 - Executing step 05: 05-gen-design.md
2025-09-06 21:08:57,384 - INFO - _execute_document_workflow:382 - Workflow step 05 completed successfully
2025-09-06 21:08:57,384 - INFO - _execute_step:304 - ✅ Step 05 completed successfully
2025-09-06 21:08:57,384 - INFO - _execute_step:293 - Executing step 06: 06-gen-tasks-and-testing.md
2025-09-06 21:08:57,485 - INFO - _execute_document_workflow:382 - Workflow step 06 completed successfully
2025-09-06 21:08:57,485 - INFO - _execute_step:304 - ✅ Step 06 completed successfully
2025-09-06 21:08:57,485 - INFO - _execute_step:293 - Executing step 07: 07-process-tasks.md
2025-09-06 21:08:57,589 - INFO - _execute_document_workflow:382 - Workflow step 07 completed successfully
2025-09-06 21:08:57,589 - INFO - _execute_step:304 - ✅ Step 07 completed successfully
2025-09-06 21:08:57,590 - INFO - _execute_step:293 - Executing step 08: 08-gen-completion-summary.md
2025-09-06 21:08:57,691 - INFO - _execute_document_workflow:382 - Workflow step 08 completed successfully
2025-09-06 21:08:57,691 - INFO - _execute_step:304 - ✅ Step 08 completed successfully
2025-09-06 21:08:57,691 - INFO - _execute_step:293 - Executing step 09: 09-gen-project-history.md
2025-09-06 21:08:57,798 - INFO - _execute_document_workflow:382 - Workflow step 09 completed successfully
2025-09-06 21:08:57,798 - INFO - _execute_step:304 - ✅ Step 09 completed successfully
2025-09-06 21:08:57,798 - INFO - execute_workflow:283 - 🎉 Workflow completed successfully!
2025-09-06 21:08:57,951 - INFO - execute_workflow:249 - Starting workflow execution: standalone-20250906_210856
2025-09-06 21:08:57,951 - INFO - _execute_step:293 - Executing step 01: 01-mvp-entrypoint.md
2025-09-06 21:08:58,064 - INFO - _execute_document_workflow:382 - Workflow step 01 completed successfully
2025-09-06 21:08:58,064 - INFO - _execute_step:304 - ✅ Step 01 completed successfully
2025-09-06 21:08:58,065 - INFO - _execute_step:293 - Executing step 02: 02-gen-prd.md
2025-09-06 21:08:58,173 - INFO - _execute_document_workflow:382 - Workflow step 02 completed successfully
2025-09-06 21:08:58,173 - INFO - _execute_step:304 - ✅ Step 02 completed successfully
2025-09-06 21:08:58,173 - INFO - _execute_step:293 - Executing step 03: 03-gen-srs.md
2025-09-06 21:08:58,297 - INFO - _execute_document_workflow:382 - Workflow step 03 completed successfully
2025-09-06 21:08:58,297 - INFO - _execute_step:304 - ✅ Step 03 completed successfully
2025-09-06 21:08:58,297 - INFO - _execute_step:293 - Executing step 04: 04-gen-design-decisions-lite.md
2025-09-06 21:08:58,413 - INFO - _execute_document_workflow:382 - Workflow step 04 completed successfully
2025-09-06 21:08:58,413 - INFO - _execute_step:304 - ✅ Step 04 completed successfully
2025-09-06 21:08:58,413 - INFO - _execute_step:293 - Executing step 05: 05-gen-design.md
2025-09-06 21:08:58,520 - INFO - _execute_document_workflow:382 - Workflow step 05 completed successfully
2025-09-06 21:08:58,521 - INFO - _execute_step:304 - ✅ Step 05 completed successfully
2025-09-06 21:08:58,521 - INFO - _execute_step:293 - Executing step 06: 06-gen-tasks-and-testing.md
2025-09-06 21:08:58,621 - INFO - _execute_document_workflow:382 - Workflow step 06 completed successfully
2025-09-06 21:08:58,622 - INFO - _execute_step:304 - ✅ Step 06 completed successfully
2025-09-06 21:08:58,622 - INFO - _execute_step:293 - Executing step 07: 07-process-tasks.md
2025-09-06 21:08:58,723 - INFO - _execute_document_workflow:382 - Workflow step 07 completed successfully
2025-09-06 21:08:58,723 - INFO - _execute_step:304 - ✅ Step 07 completed successfully
2025-09-06 21:08:58,723 - INFO - _execute_step:293 - Executing step 08: 08-gen-completion-summary.md
2025-09-06 21:08:58,823 - INFO - _execute_document_workflow:382 - Workflow step 08 completed successfully
2025-09-06 21:08:58,823 - INFO - _execute_step:304 - ✅ Step 08 completed successfully
2025-09-06 21:08:58,823 - INFO - _execute_step:293 - Executing step 09: 09-gen-project-history.md
2025-09-06 21:08:58,941 - INFO - _execute_document_workflow:382 - Workflow step 09 completed successfully
2025-09-06 21:08:58,941 - INFO - _execute_step:304 - ✅ Step 09 completed successfully
2025-09-06 21:08:58,941 - INFO - execute_workflow:283 - 🎉 Workflow completed successfully!
2025-09-06 21:10:03,891 - INFO - execute_workflow:249 - Starting workflow execution: test-mvp-20250906-211003-mvp-initialization
2025-09-06 21:10:03,891 - INFO - _execute_step:293 - Executing step 01: 01-mvp-entrypoint.md
2025-09-06 21:10:04,006 - INFO - _execute_document_workflow:382 - Workflow step 01 completed successfully
2025-09-06 21:10:04,006 - INFO - _execute_step:304 - ✅ Step 01 completed successfully
2025-09-06 21:10:04,007 - INFO - _execute_step:293 - Executing step 02: 02-gen-prd.md
2025-09-06 21:10:04,112 - INFO - _execute_document_workflow:382 - Workflow step 02 completed successfully
2025-09-06 21:10:04,113 - INFO - _execute_step:304 - ✅ Step 02 completed successfully
2025-09-06 21:10:04,113 - INFO - _execute_step:293 - Executing step 03: 03-gen-srs.md
2025-09-06 21:10:04,224 - INFO - _execute_document_workflow:382 - Workflow step 03 completed successfully
2025-09-06 21:10:04,224 - INFO - _execute_step:304 - ✅ Step 03 completed successfully
2025-09-06 21:10:04,224 - INFO - _execute_step:293 - Executing step 04: 04-gen-design-decisions-lite.md
2025-09-06 21:10:04,335 - INFO - _execute_document_workflow:382 - Workflow step 04 completed successfully
2025-09-06 21:10:04,335 - INFO - _execute_step:304 - ✅ Step 04 completed successfully
2025-09-06 21:10:04,335 - INFO - _execute_step:293 - Executing step 05: 05-gen-design.md
2025-09-06 21:10:04,434 - INFO - _execute_document_workflow:382 - Workflow step 05 completed successfully
2025-09-06 21:10:04,434 - INFO - _execute_step:304 - ✅ Step 05 completed successfully
2025-09-06 21:10:04,434 - INFO - _execute_step:293 - Executing step 06: 06-gen-tasks-and-testing.md
2025-09-06 21:10:04,534 - INFO - _execute_document_workflow:382 - Workflow step 06 completed successfully
2025-09-06 21:10:04,535 - INFO - _execute_step:304 - ✅ Step 06 completed successfully
2025-09-06 21:10:04,535 - INFO - _execute_step:293 - Executing step 07: 07-process-tasks.md
2025-09-06 21:10:04,636 - INFO - _execute_document_workflow:382 - Workflow step 07 completed successfully
2025-09-06 21:10:04,636 - INFO - _execute_step:304 - ✅ Step 07 completed successfully
2025-09-06 21:10:04,636 - INFO - _execute_step:293 - Executing step 08: 08-gen-completion-summary.md
2025-09-06 21:10:04,735 - INFO - _execute_document_workflow:382 - Workflow step 08 completed successfully
2025-09-06 21:10:04,735 - INFO - _execute_step:304 - ✅ Step 08 completed successfully
2025-09-06 21:10:04,735 - INFO - _execute_step:293 - Executing step 09: 09-gen-project-history.md
2025-09-06 21:10:04,840 - INFO - _execute_document_workflow:382 - Workflow step 09 completed successfully
2025-09-06 21:10:04,840 - INFO - _execute_step:304 - ✅ Step 09 completed successfully
2025-09-06 21:10:04,841 - INFO - execute_workflow:283 - 🎉 Workflow completed successfully!
2025-09-06 21:10:04,985 - INFO - execute_workflow:249 - Starting workflow execution: test-feature-20250906_211003
2025-09-06 21:10:04,985 - INFO - _execute_step:293 - Executing step 01: 01-mvp-entrypoint.md
2025-09-06 21:10:05,098 - INFO - _execute_document_workflow:382 - Workflow step 01 completed successfully
2025-09-06 21:10:05,099 - INFO - _execute_step:304 - ✅ Step 01 completed successfully
2025-09-06 21:10:05,099 - INFO - _execute_step:293 - Executing step 02: 02-gen-prd.md
2025-09-06 21:10:05,197 - INFO - _execute_document_workflow:382 - Workflow step 02 completed successfully
2025-09-06 21:10:05,198 - INFO - _execute_step:304 - ✅ Step 02 completed successfully
2025-09-06 21:10:05,198 - INFO - _execute_step:293 - Executing step 03: 03-gen-srs.md
2025-09-06 21:10:05,295 - INFO - _execute_document_workflow:382 - Workflow step 03 completed successfully
2025-09-06 21:10:05,296 - INFO - _execute_step:304 - ✅ Step 03 completed successfully
2025-09-06 21:10:05,296 - INFO - _execute_step:293 - Executing step 04: 04-gen-design-decisions-lite.md
2025-09-06 21:10:05,406 - INFO - _execute_document_workflow:382 - Workflow step 04 completed successfully
2025-09-06 21:10:05,406 - INFO - _execute_step:304 - ✅ Step 04 completed successfully
2025-09-06 21:10:05,406 - INFO - _execute_step:293 - Executing step 05: 05-gen-design.md
2025-09-06 21:10:05,512 - INFO - _execute_document_workflow:382 - Workflow step 05 completed successfully
2025-09-06 21:10:05,513 - INFO - _execute_step:304 - ✅ Step 05 completed successfully
2025-09-06 21:10:05,513 - INFO - _execute_step:293 - Executing step 06: 06-gen-tasks-and-testing.md
2025-09-06 21:10:05,614 - INFO - _execute_document_workflow:382 - Workflow step 06 completed successfully
2025-09-06 21:10:05,615 - INFO - _execute_step:304 - ✅ Step 06 completed successfully
2025-09-06 21:10:05,615 - INFO - _execute_step:293 - Executing step 07: 07-process-tasks.md
2025-09-06 21:10:05,715 - INFO - _execute_document_workflow:382 - Workflow step 07 completed successfully
2025-09-06 21:10:05,715 - INFO - _execute_step:304 - ✅ Step 07 completed successfully
2025-09-06 21:10:05,715 - INFO - _execute_step:293 - Executing step 08: 08-gen-completion-summary.md
2025-09-06 21:10:05,814 - INFO - _execute_document_workflow:382 - Workflow step 08 completed successfully
2025-09-06 21:10:05,814 - INFO - _execute_step:304 - ✅ Step 08 completed successfully
2025-09-06 21:10:05,814 - INFO - _execute_step:293 - Executing step 09: 09-gen-project-history.md
2025-09-06 21:10:05,919 - INFO - _execute_document_workflow:382 - Workflow step 09 completed successfully
2025-09-06 21:10:05,919 - INFO - _execute_step:304 - ✅ Step 09 completed successfully
2025-09-06 21:10:05,919 - INFO - execute_workflow:283 - 🎉 Workflow completed successfully!
2025-09-06 21:10:06,051 - INFO - execute_workflow:249 - Starting workflow execution: standalone-20250906_211003
2025-09-06 21:10:06,051 - INFO - _execute_step:293 - Executing step 01: 01-mvp-entrypoint.md
2025-09-06 21:10:06,163 - INFO - _execute_document_workflow:382 - Workflow step 01 completed successfully
2025-09-06 21:10:06,164 - INFO - _execute_step:304 - ✅ Step 01 completed successfully
2025-09-06 21:10:06,164 - INFO - _execute_step:293 - Executing step 02: 02-gen-prd.md
2025-09-06 21:10:06,262 - INFO - _execute_document_workflow:382 - Workflow step 02 completed successfully
2025-09-06 21:10:06,262 - INFO - _execute_step:304 - ✅ Step 02 completed successfully
2025-09-06 21:10:06,262 - INFO - _execute_step:293 - Executing step 03: 03-gen-srs.md
2025-09-06 21:10:06,359 - INFO - _execute_document_workflow:382 - Workflow step 03 completed successfully
2025-09-06 21:10:06,359 - INFO - _execute_step:304 - ✅ Step 03 completed successfully
2025-09-06 21:10:06,359 - INFO - _execute_step:293 - Executing step 04: 04-gen-design-decisions-lite.md
2025-09-06 21:10:06,471 - INFO - _execute_document_workflow:382 - Workflow step 04 completed successfully
2025-09-06 21:10:06,471 - INFO - _execute_step:304 - ✅ Step 04 completed successfully
2025-09-06 21:10:06,471 - INFO - _execute_step:293 - Executing step 05: 05-gen-design.md
2025-09-06 21:10:06,568 - INFO - _execute_document_workflow:382 - Workflow step 05 completed successfully
2025-09-06 21:10:06,569 - INFO - _execute_step:304 - ✅ Step 05 completed successfully
2025-09-06 21:10:06,569 - INFO - _execute_step:293 - Executing step 06: 06-gen-tasks-and-testing.md
2025-09-06 21:10:06,678 - INFO - _execute_document_workflow:382 - Workflow step 06 completed successfully
2025-09-06 21:10:06,679 - INFO - _execute_step:304 - ✅ Step 06 completed successfully
2025-09-06 21:10:06,679 - INFO - _execute_step:293 - Executing step 07: 07-process-tasks.md
2025-09-06 21:10:06,791 - INFO - _execute_document_workflow:382 - Workflow step 07 completed successfully
2025-09-06 21:10:06,792 - INFO - _execute_step:304 - ✅ Step 07 completed successfully
2025-09-06 21:10:06,792 - INFO - _execute_step:293 - Executing step 08: 08-gen-completion-summary.md
2025-09-06 21:10:06,891 - INFO - _execute_document_workflow:382 - Workflow step 08 completed successfully
2025-09-06 21:10:06,892 - INFO - _execute_step:304 - ✅ Step 08 completed successfully
2025-09-06 21:10:06,892 - INFO - _execute_step:293 - Executing step 09: 09-gen-project-history.md
2025-09-06 21:10:07,009 - INFO - _execute_document_workflow:382 - Workflow step 09 completed successfully
2025-09-06 21:10:07,009 - INFO - _execute_step:304 - ✅ Step 09 completed successfully
2025-09-06 21:10:07,009 - INFO - execute_workflow:283 - 🎉 Workflow completed successfully!
2025-09-06 21:13:00,758 - INFO - execute_workflow:249 - Starting workflow execution: test-dup-real-mvp-initialization
2025-09-06 21:13:00,758 - INFO - _execute_step:293 - Executing step 01: 01-mvp-entrypoint.md
2025-09-06 21:13:00,869 - INFO - _execute_document_workflow:382 - Workflow step 01 completed successfully
2025-09-06 21:13:00,870 - INFO - _execute_step:304 - ✅ Step 01 completed successfully
2025-09-06 21:13:00,870 - INFO - _execute_step:293 - Executing step 02: 02-gen-prd.md
2025-09-06 21:13:00,976 - INFO - _execute_document_workflow:382 - Workflow step 02 completed successfully
2025-09-06 21:13:00,977 - INFO - _execute_step:304 - ✅ Step 02 completed successfully
2025-09-06 21:13:00,977 - INFO - _execute_step:293 - Executing step 03: 03-gen-srs.md
2025-09-06 21:13:01,072 - INFO - _execute_document_workflow:382 - Workflow step 03 completed successfully
2025-09-06 21:13:01,073 - INFO - _execute_step:304 - ✅ Step 03 completed successfully
2025-09-06 21:13:01,073 - INFO - _execute_step:293 - Executing step 04: 04-gen-design-decisions-lite.md
2025-09-06 21:13:01,186 - INFO - _execute_document_workflow:382 - Workflow step 04 completed successfully
2025-09-06 21:13:01,187 - INFO - _execute_step:304 - ✅ Step 04 completed successfully
2025-09-06 21:13:01,187 - INFO - _execute_step:293 - Executing step 05: 05-gen-design.md
2025-09-06 21:13:01,292 - INFO - _execute_document_workflow:382 - Workflow step 05 completed successfully
2025-09-06 21:13:01,293 - INFO - _execute_step:304 - ✅ Step 05 completed successfully
2025-09-06 21:13:01,293 - INFO - _execute_step:293 - Executing step 06: 06-gen-tasks-and-testing.md
2025-09-06 21:13:01,396 - INFO - _execute_document_workflow:382 - Workflow step 06 completed successfully
2025-09-06 21:13:01,396 - INFO - _execute_step:304 - ✅ Step 06 completed successfully
2025-09-06 21:13:01,396 - INFO - _execute_step:293 - Executing step 07: 07-process-tasks.md
2025-09-06 21:13:01,499 - INFO - _execute_document_workflow:382 - Workflow step 07 completed successfully
2025-09-06 21:13:01,499 - INFO - _execute_step:304 - ✅ Step 07 completed successfully
2025-09-06 21:13:01,499 - INFO - _execute_step:293 - Executing step 08: 08-gen-completion-summary.md
2025-09-06 21:13:01,601 - INFO - _execute_document_workflow:382 - Workflow step 08 completed successfully
2025-09-06 21:13:01,601 - INFO - _execute_step:304 - ✅ Step 08 completed successfully
2025-09-06 21:13:01,601 - INFO - _execute_step:293 - Executing step 09: 09-gen-project-history.md
2025-09-06 21:13:01,721 - INFO - _execute_document_workflow:382 - Workflow step 09 completed successfully
2025-09-06 21:13:01,722 - INFO - _execute_step:304 - ✅ Step 09 completed successfully
2025-09-06 21:13:01,722 - INFO - execute_workflow:283 - 🎉 Workflow completed successfully!
2025-09-06 21:14:12,719 - INFO - execute_workflow:249 - Starting workflow execution: test-mvp-20250906-211412-mvp-initialization
2025-09-06 21:14:12,719 - INFO - _execute_step:293 - Executing step 01: 01-mvp-entrypoint.md
2025-09-06 21:14:12,830 - INFO - _execute_document_workflow:382 - Workflow step 01 completed successfully
2025-09-06 21:14:12,830 - INFO - _execute_step:304 - ✅ Step 01 completed successfully
2025-09-06 21:14:12,830 - INFO - _execute_step:293 - Executing step 02: 02-gen-prd.md
2025-09-06 21:14:12,927 - INFO - _execute_document_workflow:382 - Workflow step 02 completed successfully
2025-09-06 21:14:12,927 - INFO - _execute_step:304 - ✅ Step 02 completed successfully
2025-09-06 21:14:12,927 - INFO - _execute_step:293 - Executing step 03: 03-gen-srs.md
2025-09-06 21:14:13,023 - INFO - _execute_document_workflow:382 - Workflow step 03 completed successfully
2025-09-06 21:14:13,023 - INFO - _execute_step:304 - ✅ Step 03 completed successfully
2025-09-06 21:14:13,023 - INFO - _execute_step:293 - Executing step 04: 04-gen-design-decisions-lite.md
2025-09-06 21:14:13,126 - INFO - _execute_document_workflow:382 - Workflow step 04 completed successfully
2025-09-06 21:14:13,126 - INFO - _execute_step:304 - ✅ Step 04 completed successfully
2025-09-06 21:14:13,126 - INFO - _execute_step:293 - Executing step 05: 05-gen-design.md
2025-09-06 21:14:13,223 - INFO - _execute_document_workflow:382 - Workflow step 05 completed successfully
2025-09-06 21:14:13,224 - INFO - _execute_step:304 - ✅ Step 05 completed successfully
2025-09-06 21:14:13,224 - INFO - _execute_step:293 - Executing step 06: 06-gen-tasks-and-testing.md
2025-09-06 21:14:13,323 - INFO - _execute_document_workflow:382 - Workflow step 06 completed successfully
2025-09-06 21:14:13,324 - INFO - _execute_step:304 - ✅ Step 06 completed successfully
2025-09-06 21:14:13,324 - INFO - _execute_step:293 - Executing step 07: 07-process-tasks.md
2025-09-06 21:14:13,424 - INFO - _execute_document_workflow:382 - Workflow step 07 completed successfully
2025-09-06 21:14:13,424 - INFO - _execute_step:304 - ✅ Step 07 completed successfully
2025-09-06 21:14:13,424 - INFO - _execute_step:293 - Executing step 08: 08-gen-completion-summary.md
2025-09-06 21:14:13,522 - INFO - _execute_document_workflow:382 - Workflow step 08 completed successfully
2025-09-06 21:14:13,523 - INFO - _execute_step:304 - ✅ Step 08 completed successfully
2025-09-06 21:14:13,523 - INFO - _execute_step:293 - Executing step 09: 09-gen-project-history.md
2025-09-06 21:14:13,628 - INFO - _execute_document_workflow:382 - Workflow step 09 completed successfully
2025-09-06 21:14:13,629 - INFO - _execute_step:304 - ✅ Step 09 completed successfully
2025-09-06 21:14:13,629 - INFO - execute_workflow:283 - 🎉 Workflow completed successfully!
2025-09-06 21:14:13,773 - INFO - execute_workflow:249 - Starting workflow execution: test-feature-20250906_211412
2025-09-06 21:14:13,773 - INFO - _execute_step:293 - Executing step 01: 01-mvp-entrypoint.md
2025-09-06 21:14:13,887 - INFO - _execute_document_workflow:382 - Workflow step 01 completed successfully
2025-09-06 21:14:13,887 - INFO - _execute_step:304 - ✅ Step 01 completed successfully
2025-09-06 21:14:13,887 - INFO - _execute_step:293 - Executing step 02: 02-gen-prd.md
2025-09-06 21:14:13,998 - INFO - _execute_document_workflow:382 - Workflow step 02 completed successfully
2025-09-06 21:14:13,998 - INFO - _execute_step:304 - ✅ Step 02 completed successfully
2025-09-06 21:14:13,998 - INFO - _execute_step:293 - Executing step 03: 03-gen-srs.md
2025-09-06 21:14:14,107 - INFO - _execute_document_workflow:382 - Workflow step 03 completed successfully
2025-09-06 21:14:14,107 - INFO - _execute_step:304 - ✅ Step 03 completed successfully
2025-09-06 21:14:14,107 - INFO - _execute_step:293 - Executing step 04: 04-gen-design-decisions-lite.md
2025-09-06 21:14:14,217 - INFO - _execute_document_workflow:382 - Workflow step 04 completed successfully
2025-09-06 21:14:14,218 - INFO - _execute_step:304 - ✅ Step 04 completed successfully
2025-09-06 21:14:14,218 - INFO - _execute_step:293 - Executing step 05: 05-gen-design.md
2025-09-06 21:14:14,315 - INFO - _execute_document_workflow:382 - Workflow step 05 completed successfully
2025-09-06 21:14:14,315 - INFO - _execute_step:304 - ✅ Step 05 completed successfully
2025-09-06 21:14:14,315 - INFO - _execute_step:293 - Executing step 06: 06-gen-tasks-and-testing.md
2025-09-06 21:14:14,428 - INFO - _execute_document_workflow:382 - Workflow step 06 completed successfully
2025-09-06 21:14:14,428 - INFO - _execute_step:304 - ✅ Step 06 completed successfully
2025-09-06 21:14:14,428 - INFO - _execute_step:293 - Executing step 07: 07-process-tasks.md
2025-09-06 21:14:14,530 - INFO - _execute_document_workflow:382 - Workflow step 07 completed successfully
2025-09-06 21:14:14,530 - INFO - _execute_step:304 - ✅ Step 07 completed successfully
2025-09-06 21:14:14,530 - INFO - _execute_step:293 - Executing step 08: 08-gen-completion-summary.md
2025-09-06 21:14:14,630 - INFO - _execute_document_workflow:382 - Workflow step 08 completed successfully
2025-09-06 21:14:14,630 - INFO - _execute_step:304 - ✅ Step 08 completed successfully
2025-09-06 21:14:14,630 - INFO - _execute_step:293 - Executing step 09: 09-gen-project-history.md
2025-09-06 21:14:14,737 - INFO - _execute_document_workflow:382 - Workflow step 09 completed successfully
2025-09-06 21:14:14,738 - INFO - _execute_step:304 - ✅ Step 09 completed successfully
2025-09-06 21:14:14,738 - INFO - execute_workflow:283 - 🎉 Workflow completed successfully!
2025-09-06 21:14:14,891 - INFO - execute_workflow:249 - Starting workflow execution: standalone-20250906_211412
2025-09-06 21:14:14,891 - INFO - _execute_step:293 - Executing step 01: 01-mvp-entrypoint.md
2025-09-06 21:14:14,995 - INFO - _execute_document_workflow:382 - Workflow step 01 completed successfully
2025-09-06 21:14:14,995 - INFO - _execute_step:304 - ✅ Step 01 completed successfully
2025-09-06 21:14:14,995 - INFO - _execute_step:293 - Executing step 02: 02-gen-prd.md
2025-09-06 21:14:15,094 - INFO - _execute_document_workflow:382 - Workflow step 02 completed successfully
2025-09-06 21:14:15,094 - INFO - _execute_step:304 - ✅ Step 02 completed successfully
2025-09-06 21:14:15,094 - INFO - _execute_step:293 - Executing step 03: 03-gen-srs.md
2025-09-06 21:14:15,191 - INFO - _execute_document_workflow:382 - Workflow step 03 completed successfully
2025-09-06 21:14:15,192 - INFO - _execute_step:304 - ✅ Step 03 completed successfully
2025-09-06 21:14:15,192 - INFO - _execute_step:293 - Executing step 04: 04-gen-design-decisions-lite.md
2025-09-06 21:14:15,291 - INFO - _execute_document_workflow:382 - Workflow step 04 completed successfully
2025-09-06 21:14:15,291 - INFO - _execute_step:304 - ✅ Step 04 completed successfully
2025-09-06 21:14:15,292 - INFO - _execute_step:293 - Executing step 05: 05-gen-design.md
2025-09-06 21:14:15,388 - INFO - _execute_document_workflow:382 - Workflow step 05 completed successfully
2025-09-06 21:14:15,388 - INFO - _execute_step:304 - ✅ Step 05 completed successfully
2025-09-06 21:14:15,388 - INFO - _execute_step:293 - Executing step 06: 06-gen-tasks-and-testing.md
2025-09-06 21:14:15,488 - INFO - _execute_document_workflow:382 - Workflow step 06 completed successfully
2025-09-06 21:14:15,488 - INFO - _execute_step:304 - ✅ Step 06 completed successfully
2025-09-06 21:14:15,489 - INFO - _execute_step:293 - Executing step 07: 07-process-tasks.md
2025-09-06 21:14:15,588 - INFO - _execute_document_workflow:382 - Workflow step 07 completed successfully
2025-09-06 21:14:15,588 - INFO - _execute_step:304 - ✅ Step 07 completed successfully
2025-09-06 21:14:15,588 - INFO - _execute_step:293 - Executing step 08: 08-gen-completion-summary.md
2025-09-06 21:14:15,687 - INFO - _execute_document_workflow:382 - Workflow step 08 completed successfully
2025-09-06 21:14:15,687 - INFO - _execute_step:304 - ✅ Step 08 completed successfully
2025-09-06 21:14:15,687 - INFO - _execute_step:293 - Executing step 09: 09-gen-project-history.md
2025-09-06 21:14:15,792 - INFO - _execute_document_workflow:382 - Workflow step 09 completed successfully
2025-09-06 21:14:15,792 - INFO - _execute_step:304 - ✅ Step 09 completed successfully
2025-09-06 21:14:15,793 - INFO - execute_workflow:283 - 🎉 Workflow completed successfully!
2025-09-06 21:22:50,177 - INFO - execute_workflow:249 - Starting workflow execution: standalone-20250906_212249
2025-09-06 21:22:50,177 - INFO - _execute_step:293 - Executing step 01: 01-mvp-entrypoint.md
2025-09-06 21:22:50,287 - INFO - _execute_document_workflow:382 - Workflow step 01 completed successfully
2025-09-06 21:22:50,287 - INFO - _execute_step:304 - ✅ Step 01 completed successfully
2025-09-06 21:22:50,287 - INFO - _execute_step:293 - Executing step 02: 02-gen-prd.md
2025-09-06 21:22:50,396 - INFO - _execute_document_workflow:382 - Workflow step 02 completed successfully
2025-09-06 21:22:50,396 - INFO - _execute_step:304 - ✅ Step 02 completed successfully
2025-09-06 21:22:50,396 - INFO - _execute_step:293 - Executing step 03: 03-gen-srs.md
2025-09-06 21:22:50,501 - INFO - _execute_document_workflow:382 - Workflow step 03 completed successfully
2025-09-06 21:22:50,502 - INFO - _execute_step:304 - ✅ Step 03 completed successfully
2025-09-06 21:22:50,502 - INFO - _execute_step:293 - Executing step 04: 04-gen-design-decisions-lite.md
2025-09-06 21:22:50,616 - INFO - _execute_document_workflow:382 - Workflow step 04 completed successfully
2025-09-06 21:22:50,616 - INFO - _execute_step:304 - ✅ Step 04 completed successfully
2025-09-06 21:22:50,616 - INFO - _execute_step:293 - Executing step 05: 05-gen-design.md
2025-09-06 21:22:50,719 - INFO - _execute_document_workflow:382 - Workflow step 05 completed successfully
2025-09-06 21:22:50,720 - INFO - _execute_step:304 - ✅ Step 05 completed successfully
2025-09-06 21:22:50,720 - INFO - _execute_step:293 - Executing step 06: 06-gen-tasks-and-testing.md
2025-09-06 21:22:50,834 - INFO - _execute_document_workflow:382 - Workflow step 06 completed successfully
2025-09-06 21:22:50,835 - INFO - _execute_step:304 - ✅ Step 06 completed successfully
2025-09-06 21:22:50,835 - INFO - _execute_step:293 - Executing step 07: 07-process-tasks.md
2025-09-06 21:22:50,950 - INFO - _execute_document_workflow:382 - Workflow step 07 completed successfully
2025-09-06 21:22:50,951 - INFO - _execute_step:304 - ✅ Step 07 completed successfully
2025-09-06 21:22:50,951 - INFO - _execute_step:293 - Executing step 08: 08-gen-completion-summary.md
2025-09-06 21:22:51,060 - INFO - _execute_document_workflow:382 - Workflow step 08 completed successfully
2025-09-06 21:22:51,061 - INFO - _execute_step:304 - ✅ Step 08 completed successfully
2025-09-06 21:22:51,061 - INFO - _execute_step:293 - Executing step 09: 09-gen-project-history.md
2025-09-06 21:22:51,175 - INFO - _execute_document_workflow:382 - Workflow step 09 completed successfully
2025-09-06 21:22:51,176 - INFO - _execute_step:304 - ✅ Step 09 completed successfully
2025-09-06 21:22:51,176 - INFO - execute_workflow:283 - 🎉 Workflow completed successfully!
2025-09-06 21:33:16,703 - INFO - execute_workflow:249 - Starting workflow execution: test-mvp-20250906-213316-mvp-initialization
2025-09-06 21:33:16,703 - INFO - _execute_step:293 - Executing step 01: 01-mvp-entrypoint.md
2025-09-06 21:33:16,817 - INFO - _execute_document_workflow:382 - Workflow step 01 completed successfully
2025-09-06 21:33:16,817 - INFO - _execute_step:304 - ✅ Step 01 completed successfully
2025-09-06 21:33:16,817 - INFO - _execute_step:293 - Executing step 02: 02-gen-prd.md
2025-09-06 21:33:16,927 - INFO - _execute_document_workflow:382 - Workflow step 02 completed successfully
2025-09-06 21:33:16,927 - INFO - _execute_step:304 - ✅ Step 02 completed successfully
2025-09-06 21:33:16,928 - INFO - _execute_step:293 - Executing step 03: 03-gen-srs.md
2025-09-06 21:33:17,025 - INFO - _execute_document_workflow:382 - Workflow step 03 completed successfully
2025-09-06 21:33:17,025 - INFO - _execute_step:304 - ✅ Step 03 completed successfully
2025-09-06 21:33:17,025 - INFO - _execute_step:293 - Executing step 04: 04-gen-design-decisions-lite.md
2025-09-06 21:33:17,126 - INFO - _execute_document_workflow:382 - Workflow step 04 completed successfully
2025-09-06 21:33:17,126 - INFO - _execute_step:304 - ✅ Step 04 completed successfully
2025-09-06 21:33:17,127 - INFO - _execute_step:293 - Executing step 05: 05-gen-design.md
2025-09-06 21:33:17,225 - INFO - _execute_document_workflow:382 - Workflow step 05 completed successfully
2025-09-06 21:33:17,225 - INFO - _execute_step:304 - ✅ Step 05 completed successfully
2025-09-06 21:33:17,225 - INFO - _execute_step:293 - Executing step 06: 06-gen-tasks-and-testing.md
2025-09-06 21:33:17,327 - INFO - _execute_document_workflow:382 - Workflow step 06 completed successfully
2025-09-06 21:33:17,327 - INFO - _execute_step:304 - ✅ Step 06 completed successfully
2025-09-06 21:33:17,327 - INFO - _execute_step:293 - Executing step 07: 07-process-tasks.md
2025-09-06 21:33:17,428 - INFO - _execute_document_workflow:382 - Workflow step 07 completed successfully
2025-09-06 21:33:17,429 - INFO - _execute_step:304 - ✅ Step 07 completed successfully
2025-09-06 21:33:17,429 - INFO - _execute_step:293 - Executing step 08: 08-gen-completion-summary.md
2025-09-06 21:33:17,529 - INFO - _execute_document_workflow:382 - Workflow step 08 completed successfully
2025-09-06 21:33:17,529 - INFO - _execute_step:304 - ✅ Step 08 completed successfully
2025-09-06 21:33:17,529 - INFO - _execute_step:293 - Executing step 09: 09-gen-project-history.md
2025-09-06 21:33:17,640 - INFO - _execute_document_workflow:382 - Workflow step 09 completed successfully
2025-09-06 21:33:17,640 - INFO - _execute_step:304 - ✅ Step 09 completed successfully
2025-09-06 21:33:17,640 - INFO - execute_workflow:283 - 🎉 Workflow completed successfully!
2025-09-06 21:33:17,921 - INFO - execute_workflow:249 - Starting workflow execution: standalone-20250906_213316
2025-09-06 21:33:17,922 - INFO - _execute_step:293 - Executing step 01: 01-mvp-entrypoint.md
2025-09-06 21:33:18,034 - INFO - _execute_document_workflow:382 - Workflow step 01 completed successfully
2025-09-06 21:33:18,035 - INFO - _execute_step:304 - ✅ Step 01 completed successfully
2025-09-06 21:33:18,035 - INFO - _execute_step:293 - Executing step 02: 02-gen-prd.md
2025-09-06 21:33:18,134 - INFO - _execute_document_workflow:382 - Workflow step 02 completed successfully
2025-09-06 21:33:18,134 - INFO - _execute_step:304 - ✅ Step 02 completed successfully
2025-09-06 21:33:18,134 - INFO - _execute_step:293 - Executing step 03: 03-gen-srs.md
2025-09-06 21:33:18,243 - INFO - _execute_document_workflow:382 - Workflow step 03 completed successfully
2025-09-06 21:33:18,243 - INFO - _execute_step:304 - ✅ Step 03 completed successfully
2025-09-06 21:33:18,243 - INFO - _execute_step:293 - Executing step 04: 04-gen-design-decisions-lite.md
2025-09-06 21:33:18,343 - INFO - _execute_document_workflow:382 - Workflow step 04 completed successfully
2025-09-06 21:33:18,344 - INFO - _execute_step:304 - ✅ Step 04 completed successfully
2025-09-06 21:33:18,344 - INFO - _execute_step:293 - Executing step 05: 05-gen-design.md
2025-09-06 21:33:18,441 - INFO - _execute_document_workflow:382 - Workflow step 05 completed successfully
2025-09-06 21:33:18,441 - INFO - _execute_step:304 - ✅ Step 05 completed successfully
2025-09-06 21:33:18,442 - INFO - _execute_step:293 - Executing step 06: 06-gen-tasks-and-testing.md
2025-09-06 21:33:18,543 - INFO - _execute_document_workflow:382 - Workflow step 06 completed successfully
2025-09-06 21:33:18,544 - INFO - _execute_step:304 - ✅ Step 06 completed successfully
2025-09-06 21:33:18,544 - INFO - _execute_step:293 - Executing step 07: 07-process-tasks.md
2025-09-06 21:33:18,645 - INFO - _execute_document_workflow:382 - Workflow step 07 completed successfully
2025-09-06 21:33:18,645 - INFO - _execute_step:304 - ✅ Step 07 completed successfully
2025-09-06 21:33:18,646 - INFO - _execute_step:293 - Executing step 08: 08-gen-completion-summary.md
2025-09-06 21:33:18,746 - INFO - _execute_document_workflow:382 - Workflow step 08 completed successfully
2025-09-06 21:33:18,746 - INFO - _execute_step:304 - ✅ Step 08 completed successfully
2025-09-06 21:33:18,746 - INFO - _execute_step:293 - Executing step 09: 09-gen-project-history.md
2025-09-06 21:33:18,862 - INFO - _execute_document_workflow:382 - Workflow step 09 completed successfully
2025-09-06 21:33:18,862 - INFO - _execute_step:304 - ✅ Step 09 completed successfully
2025-09-06 21:33:18,862 - INFO - execute_workflow:283 - 🎉 Workflow completed successfully!
2025-09-06 21:34:02,961 - INFO - execute_workflow:249 - Starting workflow execution: test-mvp-20250906-213402-mvp-initialization
2025-09-06 21:34:02,962 - INFO - _execute_step:293 - Executing step 01: 01-mvp-entrypoint.md
2025-09-06 21:34:03,076 - INFO - _execute_document_workflow:382 - Workflow step 01 completed successfully
2025-09-06 21:34:03,076 - INFO - _execute_step:304 - ✅ Step 01 completed successfully
2025-09-06 21:34:03,076 - INFO - _execute_step:293 - Executing step 02: 02-gen-prd.md
2025-09-06 21:34:03,186 - INFO - _execute_document_workflow:382 - Workflow step 02 completed successfully
2025-09-06 21:34:03,186 - INFO - _execute_step:304 - ✅ Step 02 completed successfully
2025-09-06 21:34:03,186 - INFO - _execute_step:293 - Executing step 03: 03-gen-srs.md
2025-09-06 21:34:03,296 - INFO - _execute_document_workflow:382 - Workflow step 03 completed successfully
2025-09-06 21:34:03,297 - INFO - _execute_step:304 - ✅ Step 03 completed successfully
2025-09-06 21:34:03,297 - INFO - _execute_step:293 - Executing step 04: 04-gen-design-decisions-lite.md
2025-09-06 21:34:03,410 - INFO - _execute_document_workflow:382 - Workflow step 04 completed successfully
2025-09-06 21:34:03,410 - INFO - _execute_step:304 - ✅ Step 04 completed successfully
2025-09-06 21:34:03,411 - INFO - _execute_step:293 - Executing step 05: 05-gen-design.md
2025-09-06 21:34:03,523 - INFO - _execute_document_workflow:382 - Workflow step 05 completed successfully
2025-09-06 21:34:03,523 - INFO - _execute_step:304 - ✅ Step 05 completed successfully
2025-09-06 21:34:03,524 - INFO - _execute_step:293 - Executing step 06: 06-gen-tasks-and-testing.md
2025-09-06 21:34:03,635 - INFO - _execute_document_workflow:382 - Workflow step 06 completed successfully
2025-09-06 21:34:03,635 - INFO - _execute_step:304 - ✅ Step 06 completed successfully
2025-09-06 21:34:03,635 - INFO - _execute_step:293 - Executing step 07: 07-process-tasks.md
2025-09-06 21:34:03,739 - INFO - _execute_document_workflow:382 - Workflow step 07 completed successfully
2025-09-06 21:34:03,739 - INFO - _execute_step:304 - ✅ Step 07 completed successfully
2025-09-06 21:34:03,739 - INFO - _execute_step:293 - Executing step 08: 08-gen-completion-summary.md
2025-09-06 21:34:03,850 - INFO - _execute_document_workflow:382 - Workflow step 08 completed successfully
2025-09-06 21:34:03,850 - INFO - _execute_step:304 - ✅ Step 08 completed successfully
2025-09-06 21:34:03,850 - INFO - _execute_step:293 - Executing step 09: 09-gen-project-history.md
2025-09-06 21:34:03,967 - INFO - _execute_document_workflow:382 - Workflow step 09 completed successfully
2025-09-06 21:34:03,967 - INFO - _execute_step:304 - ✅ Step 09 completed successfully
2025-09-06 21:34:03,967 - INFO - execute_workflow:283 - 🎉 Workflow completed successfully!
2025-09-06 21:34:04,166 - INFO - execute_workflow:249 - Starting workflow execution: test-feature-20250906_213402
2025-09-06 21:34:04,166 - INFO - _execute_step:293 - Executing step 01: 01-mvp-entrypoint.md
2025-09-06 21:34:04,279 - INFO - _execute_document_workflow:382 - Workflow step 01 completed successfully
2025-09-06 21:34:04,279 - INFO - _execute_step:304 - ✅ Step 01 completed successfully
2025-09-06 21:34:04,279 - INFO - _execute_step:293 - Executing step 02: 02-gen-prd.md
2025-09-06 21:34:04,388 - INFO - _execute_document_workflow:382 - Workflow step 02 completed successfully
2025-09-06 21:34:04,389 - INFO - _execute_step:304 - ✅ Step 02 completed successfully
2025-09-06 21:34:04,389 - INFO - _execute_step:293 - Executing step 03: 03-gen-srs.md
2025-09-06 21:34:04,487 - INFO - _execute_document_workflow:382 - Workflow step 03 completed successfully
2025-09-06 21:34:04,487 - INFO - _execute_step:304 - ✅ Step 03 completed successfully
2025-09-06 21:34:04,487 - INFO - _execute_step:293 - Executing step 04: 04-gen-design-decisions-lite.md
2025-09-06 21:34:04,589 - INFO - _execute_document_workflow:382 - Workflow step 04 completed successfully
2025-09-06 21:34:04,590 - INFO - _execute_step:304 - ✅ Step 04 completed successfully
2025-09-06 21:34:04,590 - INFO - _execute_step:293 - Executing step 05: 05-gen-design.md
2025-09-06 21:34:04,688 - INFO - _execute_document_workflow:382 - Workflow step 05 completed successfully
2025-09-06 21:34:04,688 - INFO - _execute_step:304 - ✅ Step 05 completed successfully
2025-09-06 21:34:04,688 - INFO - _execute_step:293 - Executing step 06: 06-gen-tasks-and-testing.md
2025-09-06 21:34:04,802 - INFO - _execute_document_workflow:382 - Workflow step 06 completed successfully
2025-09-06 21:34:04,802 - INFO - _execute_step:304 - ✅ Step 06 completed successfully
2025-09-06 21:34:04,802 - INFO - _execute_step:293 - Executing step 07: 07-process-tasks.md
2025-09-06 21:34:04,914 - INFO - _execute_document_workflow:382 - Workflow step 07 completed successfully
2025-09-06 21:34:04,914 - INFO - _execute_step:304 - ✅ Step 07 completed successfully
2025-09-06 21:34:04,915 - INFO - _execute_step:293 - Executing step 08: 08-gen-completion-summary.md
2025-09-06 21:34:05,014 - INFO - _execute_document_workflow:382 - Workflow step 08 completed successfully
2025-09-06 21:34:05,015 - INFO - _execute_step:304 - ✅ Step 08 completed successfully
2025-09-06 21:34:05,015 - INFO - _execute_step:293 - Executing step 09: 09-gen-project-history.md
2025-09-06 21:34:05,121 - INFO - _execute_document_workflow:382 - Workflow step 09 completed successfully
2025-09-06 21:34:05,122 - INFO - _execute_step:304 - ✅ Step 09 completed successfully
2025-09-06 21:34:05,122 - INFO - execute_workflow:283 - 🎉 Workflow completed successfully!
2025-09-06 21:34:05,284 - INFO - execute_workflow:249 - Starting workflow execution: standalone-20250906_213402
2025-09-06 21:34:05,285 - INFO - _execute_step:293 - Executing step 01: 01-mvp-entrypoint.md
2025-09-06 21:34:05,398 - INFO - _execute_document_workflow:382 - Workflow step 01 completed successfully
2025-09-06 21:34:05,398 - INFO - _execute_step:304 - ✅ Step 01 completed successfully
2025-09-06 21:34:05,398 - INFO - _execute_step:293 - Executing step 02: 02-gen-prd.md
2025-09-06 21:34:05,500 - INFO - _execute_document_workflow:382 - Workflow step 02 completed successfully
2025-09-06 21:34:05,500 - INFO - _execute_step:304 - ✅ Step 02 completed successfully
2025-09-06 21:34:05,500 - INFO - _execute_step:293 - Executing step 03: 03-gen-srs.md
2025-09-06 21:34:05,598 - INFO - _execute_document_workflow:382 - Workflow step 03 completed successfully
2025-09-06 21:34:05,598 - INFO - _execute_step:304 - ✅ Step 03 completed successfully
2025-09-06 21:34:05,599 - INFO - _execute_step:293 - Executing step 04: 04-gen-design-decisions-lite.md
2025-09-06 21:34:05,699 - INFO - _execute_document_workflow:382 - Workflow step 04 completed successfully
2025-09-06 21:34:05,700 - INFO - _execute_step:304 - ✅ Step 04 completed successfully
2025-09-06 21:34:05,700 - INFO - _execute_step:293 - Executing step 05: 05-gen-design.md
2025-09-06 21:34:05,797 - INFO - _execute_document_workflow:382 - Workflow step 05 completed successfully
2025-09-06 21:34:05,797 - INFO - _execute_step:304 - ✅ Step 05 completed successfully
2025-09-06 21:34:05,798 - INFO - _execute_step:293 - Executing step 06: 06-gen-tasks-and-testing.md
2025-09-06 21:34:05,898 - INFO - _execute_document_workflow:382 - Workflow step 06 completed successfully
2025-09-06 21:34:05,898 - INFO - _execute_step:304 - ✅ Step 06 completed successfully
2025-09-06 21:34:05,899 - INFO - _execute_step:293 - Executing step 07: 07-process-tasks.md
2025-09-06 21:34:06,000 - INFO - _execute_document_workflow:382 - Workflow step 07 completed successfully
2025-09-06 21:34:06,001 - INFO - _execute_step:304 - ✅ Step 07 completed successfully
2025-09-06 21:34:06,001 - INFO - _execute_step:293 - Executing step 08: 08-gen-completion-summary.md
2025-09-06 21:34:06,101 - INFO - _execute_document_workflow:382 - Workflow step 08 completed successfully
2025-09-06 21:34:06,101 - INFO - _execute_step:304 - ✅ Step 08 completed successfully
2025-09-06 21:34:06,101 - INFO - _execute_step:293 - Executing step 09: 09-gen-project-history.md
2025-09-06 21:34:06,208 - INFO - _execute_document_workflow:382 - Workflow step 09 completed successfully
2025-09-06 21:34:06,208 - INFO - _execute_step:304 - ✅ Step 09 completed successfully
2025-09-06 21:34:06,208 - INFO - execute_workflow:283 - 🎉 Workflow completed successfully!
2025-09-06 21:42:00,125 - INFO - execute_workflow:249 - Starting workflow execution: test-mvp-20250906-214159-mvp-initialization
2025-09-06 21:42:00,126 - INFO - _execute_step:293 - Executing step 01: 01-mvp-entrypoint.md
2025-09-06 21:42:00,239 - INFO - _execute_document_workflow:382 - Workflow step 01 completed successfully
2025-09-06 21:42:00,239 - INFO - _execute_step:304 - ✅ Step 01 completed successfully
2025-09-06 21:42:00,239 - INFO - _execute_step:293 - Executing step 02: 02-gen-prd.md
2025-09-06 21:42:00,348 - INFO - _execute_document_workflow:382 - Workflow step 02 completed successfully
2025-09-06 21:42:00,348 - INFO - _execute_step:304 - ✅ Step 02 completed successfully
2025-09-06 21:42:00,348 - INFO - _execute_step:293 - Executing step 03: 03-gen-srs.md
2025-09-06 21:42:00,455 - INFO - _execute_document_workflow:382 - Workflow step 03 completed successfully
2025-09-06 21:42:00,455 - INFO - _execute_step:304 - ✅ Step 03 completed successfully
2025-09-06 21:42:00,456 - INFO - _execute_step:293 - Executing step 04: 04-gen-design-decisions-lite.md
2025-09-06 21:42:00,555 - INFO - _execute_document_workflow:382 - Workflow step 04 completed successfully
2025-09-06 21:42:00,555 - INFO - _execute_step:304 - ✅ Step 04 completed successfully
2025-09-06 21:42:00,555 - INFO - _execute_step:293 - Executing step 05: 05-gen-design.md
2025-09-06 21:42:00,653 - INFO - _execute_document_workflow:382 - Workflow step 05 completed successfully
2025-09-06 21:42:00,653 - INFO - _execute_step:304 - ✅ Step 05 completed successfully
2025-09-06 21:42:00,653 - INFO - _execute_step:293 - Executing step 06: 06-gen-tasks-and-testing.md
2025-09-06 21:42:00,753 - INFO - _execute_document_workflow:382 - Workflow step 06 completed successfully
2025-09-06 21:42:00,753 - INFO - _execute_step:304 - ✅ Step 06 completed successfully
2025-09-06 21:42:00,753 - INFO - _execute_step:293 - Executing step 07: 07-process-tasks.md
2025-09-06 21:42:00,854 - INFO - _execute_document_workflow:382 - Workflow step 07 completed successfully
2025-09-06 21:42:00,855 - INFO - _execute_step:304 - ✅ Step 07 completed successfully
2025-09-06 21:42:00,855 - INFO - _execute_step:293 - Executing step 08: 08-gen-completion-summary.md
2025-09-06 21:42:00,954 - INFO - _execute_document_workflow:382 - Workflow step 08 completed successfully
2025-09-06 21:42:00,955 - INFO - _execute_step:304 - ✅ Step 08 completed successfully
2025-09-06 21:42:00,955 - INFO - _execute_step:293 - Executing step 09: 09-gen-project-history.md
2025-09-06 21:42:01,060 - INFO - _execute_document_workflow:382 - Workflow step 09 completed successfully
2025-09-06 21:42:01,060 - INFO - _execute_step:304 - ✅ Step 09 completed successfully
2025-09-06 21:42:01,060 - INFO - execute_workflow:283 - 🎉 Workflow completed successfully!
2025-09-06 21:42:01,214 - INFO - execute_workflow:249 - Starting workflow execution: test-feature-20250906_214159
2025-09-06 21:42:01,214 - INFO - _execute_step:293 - Executing step 01: 01-mvp-entrypoint.md
2025-09-06 21:42:01,327 - INFO - _execute_document_workflow:382 - Workflow step 01 completed successfully
2025-09-06 21:42:01,327 - INFO - _execute_step:304 - ✅ Step 01 completed successfully
2025-09-06 21:42:01,327 - INFO - _execute_step:293 - Executing step 02: 02-gen-prd.md
2025-09-06 21:42:01,426 - INFO - _execute_document_workflow:382 - Workflow step 02 completed successfully
2025-09-06 21:42:01,426 - INFO - _execute_step:304 - ✅ Step 02 completed successfully
2025-09-06 21:42:01,426 - INFO - _execute_step:293 - Executing step 03: 03-gen-srs.md
2025-09-06 21:42:01,523 - INFO - _execute_document_workflow:382 - Workflow step 03 completed successfully
2025-09-06 21:42:01,524 - INFO - _execute_step:304 - ✅ Step 03 completed successfully
2025-09-06 21:42:01,524 - INFO - _execute_step:293 - Executing step 04: 04-gen-design-decisions-lite.md
2025-09-06 21:42:01,624 - INFO - _execute_document_workflow:382 - Workflow step 04 completed successfully
2025-09-06 21:42:01,624 - INFO - _execute_step:304 - ✅ Step 04 completed successfully
2025-09-06 21:42:01,624 - INFO - _execute_step:293 - Executing step 05: 05-gen-design.md
2025-09-06 21:42:01,723 - INFO - _execute_document_workflow:382 - Workflow step 05 completed successfully
2025-09-06 21:42:01,724 - INFO - _execute_step:304 - ✅ Step 05 completed successfully
2025-09-06 21:42:01,724 - INFO - _execute_step:293 - Executing step 06: 06-gen-tasks-and-testing.md
2025-09-06 21:42:01,824 - INFO - _execute_document_workflow:382 - Workflow step 06 completed successfully
2025-09-06 21:42:01,824 - INFO - _execute_step:304 - ✅ Step 06 completed successfully
2025-09-06 21:42:01,825 - INFO - _execute_step:293 - Executing step 07: 07-process-tasks.md
2025-09-06 21:42:01,936 - INFO - _execute_document_workflow:382 - Workflow step 07 completed successfully
2025-09-06 21:42:01,936 - INFO - _execute_step:304 - ✅ Step 07 completed successfully
2025-09-06 21:42:01,936 - INFO - _execute_step:293 - Executing step 08: 08-gen-completion-summary.md
2025-09-06 21:42:02,044 - INFO - _execute_document_workflow:382 - Workflow step 08 completed successfully
2025-09-06 21:42:02,045 - INFO - _execute_step:304 - ✅ Step 08 completed successfully
2025-09-06 21:42:02,045 - INFO - _execute_step:293 - Executing step 09: 09-gen-project-history.md
2025-09-06 21:42:02,158 - INFO - _execute_document_workflow:382 - Workflow step 09 completed successfully
2025-09-06 21:42:02,158 - INFO - _execute_step:304 - ✅ Step 09 completed successfully
2025-09-06 21:42:02,158 - INFO - execute_workflow:283 - 🎉 Workflow completed successfully!
2025-09-06 21:42:02,281 - INFO - execute_workflow:249 - Starting workflow execution: standalone-20250906_214159
2025-09-06 21:42:02,282 - INFO - _execute_step:293 - Executing step 01: 01-mvp-entrypoint.md
2025-09-06 21:42:02,394 - INFO - _execute_document_workflow:382 - Workflow step 01 completed successfully
2025-09-06 21:42:02,394 - INFO - _execute_step:304 - ✅ Step 01 completed successfully
2025-09-06 21:42:02,394 - INFO - _execute_step:293 - Executing step 02: 02-gen-prd.md
2025-09-06 21:42:02,505 - INFO - _execute_document_workflow:382 - Workflow step 02 completed successfully
2025-09-06 21:42:02,505 - INFO - _execute_step:304 - ✅ Step 02 completed successfully
2025-09-06 21:42:02,505 - INFO - _execute_step:293 - Executing step 03: 03-gen-srs.md
2025-09-06 21:42:02,619 - INFO - _execute_document_workflow:382 - Workflow step 03 completed successfully
2025-09-06 21:42:02,619 - INFO - _execute_step:304 - ✅ Step 03 completed successfully
2025-09-06 21:42:02,619 - INFO - _execute_step:293 - Executing step 04: 04-gen-design-decisions-lite.md
2025-09-06 21:42:02,733 - INFO - _execute_document_workflow:382 - Workflow step 04 completed successfully
2025-09-06 21:42:02,733 - INFO - _execute_step:304 - ✅ Step 04 completed successfully
2025-09-06 21:42:02,734 - INFO - _execute_step:293 - Executing step 05: 05-gen-design.md
2025-09-06 21:42:02,842 - INFO - _execute_document_workflow:382 - Workflow step 05 completed successfully
2025-09-06 21:42:02,843 - INFO - _execute_step:304 - ✅ Step 05 completed successfully
2025-09-06 21:42:02,843 - INFO - _execute_step:293 - Executing step 06: 06-gen-tasks-and-testing.md
2025-09-06 21:42:02,943 - INFO - _execute_document_workflow:382 - Workflow step 06 completed successfully
2025-09-06 21:42:02,943 - INFO - _execute_step:304 - ✅ Step 06 completed successfully
2025-09-06 21:42:02,944 - INFO - _execute_step:293 - Executing step 07: 07-process-tasks.md
2025-09-06 21:42:03,052 - INFO - _execute_document_workflow:382 - Workflow step 07 completed successfully
2025-09-06 21:42:03,052 - INFO - _execute_step:304 - ✅ Step 07 completed successfully
2025-09-06 21:42:03,052 - INFO - _execute_step:293 - Executing step 08: 08-gen-completion-summary.md
2025-09-06 21:42:03,160 - INFO - _execute_document_workflow:382 - Workflow step 08 completed successfully
2025-09-06 21:42:03,160 - INFO - _execute_step:304 - ✅ Step 08 completed successfully
2025-09-06 21:42:03,160 - INFO - _execute_step:293 - Executing step 09: 09-gen-project-history.md
2025-09-06 21:42:03,264 - INFO - _execute_document_workflow:382 - Workflow step 09 completed successfully
2025-09-06 21:42:03,264 - INFO - _execute_step:304 - ✅ Step 09 completed successfully
2025-09-06 21:42:03,264 - INFO - execute_workflow:283 - 🎉 Workflow completed successfully!
2025-09-06 21:51:12,199 - INFO - execute_workflow:249 - Starting workflow execution: report-demo-mvp-initialization
2025-09-06 21:51:12,199 - INFO - _execute_step:293 - Executing step 01: 01-mvp-entrypoint.md
2025-09-06 21:51:12,314 - INFO - _execute_document_workflow:382 - Workflow step 01 completed successfully
2025-09-06 21:51:12,315 - INFO - _execute_step:304 - ✅ Step 01 completed successfully
2025-09-06 21:51:12,315 - INFO - _execute_step:293 - Executing step 02: 02-gen-prd.md
2025-09-06 21:51:12,424 - INFO - _execute_document_workflow:382 - Workflow step 02 completed successfully
2025-09-06 21:51:12,425 - INFO - _execute_step:304 - ✅ Step 02 completed successfully
2025-09-06 21:51:12,425 - INFO - _execute_step:293 - Executing step 03: 03-gen-srs.md
2025-09-06 21:51:12,530 - INFO - _execute_document_workflow:382 - Workflow step 03 completed successfully
2025-09-06 21:51:12,530 - INFO - _execute_step:304 - ✅ Step 03 completed successfully
2025-09-06 21:51:12,531 - INFO - _execute_step:293 - Executing step 04: 04-gen-design-decisions-lite.md
2025-09-06 21:51:12,630 - INFO - _execute_document_workflow:382 - Workflow step 04 completed successfully
2025-09-06 21:51:12,630 - INFO - _execute_step:304 - ✅ Step 04 completed successfully
2025-09-06 21:51:12,630 - INFO - _execute_step:293 - Executing step 05: 05-gen-design.md
2025-09-06 21:51:12,727 - INFO - _execute_document_workflow:382 - Workflow step 05 completed successfully
2025-09-06 21:51:12,728 - INFO - _execute_step:304 - ✅ Step 05 completed successfully
2025-09-06 21:51:12,728 - INFO - _execute_step:293 - Executing step 06: 06-gen-tasks-and-testing.md
2025-09-06 21:51:12,828 - INFO - _execute_document_workflow:382 - Workflow step 06 completed successfully
2025-09-06 21:51:12,828 - INFO - _execute_step:304 - ✅ Step 06 completed successfully
2025-09-06 21:51:12,828 - INFO - _execute_step:293 - Executing step 07: 07-process-tasks.md
2025-09-06 21:51:12,928 - INFO - _execute_document_workflow:382 - Workflow step 07 completed successfully
2025-09-06 21:51:12,928 - INFO - _execute_step:304 - ✅ Step 07 completed successfully
2025-09-06 21:51:12,928 - INFO - _execute_step:293 - Executing step 08: 08-gen-completion-summary.md
2025-09-06 21:51:13,027 - INFO - _execute_document_workflow:382 - Workflow step 08 completed successfully
2025-09-06 21:51:13,027 - INFO - _execute_step:304 - ✅ Step 08 completed successfully
2025-09-06 21:51:13,027 - INFO - _execute_step:293 - Executing step 09: 09-gen-project-history.md
2025-09-06 21:51:13,136 - INFO - _execute_document_workflow:382 - Workflow step 09 completed successfully
2025-09-06 21:51:13,136 - INFO - _execute_step:304 - ✅ Step 09 completed successfully
2025-09-06 21:51:13,136 - INFO - execute_workflow:283 - 🎉 Workflow completed successfully!
2025-09-06 22:02:20,094 - INFO - execute_workflow:249 - Starting workflow execution: test-mvp-20250906-220219-mvp-initialization
2025-09-06 22:02:20,095 - INFO - _execute_step:293 - Executing step 01: 01-mvp-entrypoint.md
2025-09-06 22:02:20,236 - INFO - _execute_document_workflow:449 - Workflow step 01 completed successfully
2025-09-06 22:02:20,236 - INFO - _execute_step:304 - ✅ Step 01 completed successfully
2025-09-06 22:02:20,236 - INFO - _execute_step:293 - Executing step 02: 02-gen-prd.md
2025-09-06 22:02:20,344 - INFO - _execute_document_workflow:449 - Workflow step 02 completed successfully
2025-09-06 22:02:20,344 - INFO - _execute_step:304 - ✅ Step 02 completed successfully
2025-09-06 22:02:20,344 - INFO - _execute_step:293 - Executing step 03: 03-gen-srs.md
2025-09-06 22:02:20,443 - INFO - _execute_document_workflow:449 - Workflow step 03 completed successfully
2025-09-06 22:02:20,443 - INFO - _execute_step:304 - ✅ Step 03 completed successfully
2025-09-06 22:02:20,443 - INFO - _execute_step:293 - Executing step 04: 04-gen-design-decisions-lite.md
2025-09-06 22:02:20,555 - INFO - _execute_document_workflow:449 - Workflow step 04 completed successfully
2025-09-06 22:02:20,555 - INFO - _execute_step:304 - ✅ Step 04 completed successfully
2025-09-06 22:02:20,555 - INFO - _execute_step:293 - Executing step 05: 05-gen-design.md
2025-09-06 22:02:20,662 - INFO - _execute_document_workflow:449 - Workflow step 05 completed successfully
2025-09-06 22:02:20,662 - INFO - _execute_step:304 - ✅ Step 05 completed successfully
2025-09-06 22:02:20,662 - INFO - _execute_step:293 - Executing step 06: 06-gen-tasks-and-testing.md
2025-09-06 22:02:20,761 - INFO - _execute_document_workflow:449 - Workflow step 06 completed successfully
2025-09-06 22:02:20,761 - INFO - _execute_step:304 - ✅ Step 06 completed successfully
2025-09-06 22:02:20,762 - INFO - _execute_step:293 - Executing step 07: 07-process-tasks.md
2025-09-06 22:02:20,861 - INFO - _execute_document_workflow:449 - Workflow step 07 completed successfully
2025-09-06 22:02:20,862 - INFO - _execute_step:304 - ✅ Step 07 completed successfully
2025-09-06 22:02:20,862 - INFO - _execute_step:293 - Executing step 08: 08-gen-completion-summary.md
2025-09-06 22:02:20,960 - INFO - _execute_document_workflow:449 - Workflow step 08 completed successfully
2025-09-06 22:02:20,960 - INFO - _execute_step:304 - ✅ Step 08 completed successfully
2025-09-06 22:02:20,960 - INFO - _execute_step:293 - Executing step 09: 09-gen-project-history.md
2025-09-06 22:02:21,064 - INFO - _execute_document_workflow:449 - Workflow step 09 completed successfully
2025-09-06 22:02:21,065 - INFO - _execute_step:304 - ✅ Step 09 completed successfully
2025-09-06 22:02:21,065 - INFO - execute_workflow:283 - 🎉 Workflow completed successfully!
2025-09-06 22:02:21,233 - INFO - execute_workflow:249 - Starting workflow execution: test-feature-20250906_220219
2025-09-06 22:02:21,234 - INFO - _execute_step:293 - Executing step 01: 01-mvp-entrypoint.md
2025-09-06 22:02:21,340 - INFO - _execute_document_workflow:449 - Workflow step 01 completed successfully
2025-09-06 22:02:21,340 - INFO - _execute_step:304 - ✅ Step 01 completed successfully
2025-09-06 22:02:21,340 - INFO - _execute_step:293 - Executing step 02: 02-gen-prd.md
2025-09-06 22:02:21,439 - INFO - _execute_document_workflow:449 - Workflow step 02 completed successfully
2025-09-06 22:02:21,439 - INFO - _execute_step:304 - ✅ Step 02 completed successfully
2025-09-06 22:02:21,439 - INFO - _execute_step:293 - Executing step 03: 03-gen-srs.md
2025-09-06 22:02:21,539 - INFO - _execute_document_workflow:449 - Workflow step 03 completed successfully
2025-09-06 22:02:21,539 - INFO - _execute_step:304 - ✅ Step 03 completed successfully
2025-09-06 22:02:21,540 - INFO - _execute_step:293 - Executing step 04: 04-gen-design-decisions-lite.md
2025-09-06 22:02:21,648 - INFO - _execute_document_workflow:449 - Workflow step 04 completed successfully
2025-09-06 22:02:21,649 - INFO - _execute_step:304 - ✅ Step 04 completed successfully
2025-09-06 22:02:21,649 - INFO - _execute_step:293 - Executing step 05: 05-gen-design.md
2025-09-06 22:02:21,745 - INFO - _execute_document_workflow:449 - Workflow step 05 completed successfully
2025-09-06 22:02:21,746 - INFO - _execute_step:304 - ✅ Step 05 completed successfully
2025-09-06 22:02:21,746 - INFO - _execute_step:293 - Executing step 06: 06-gen-tasks-and-testing.md
2025-09-06 22:02:21,857 - INFO - _execute_document_workflow:449 - Workflow step 06 completed successfully
2025-09-06 22:02:21,857 - INFO - _execute_step:304 - ✅ Step 06 completed successfully
2025-09-06 22:02:21,857 - INFO - _execute_step:293 - Executing step 07: 07-process-tasks.md
2025-09-06 22:02:21,969 - INFO - _execute_document_workflow:449 - Workflow step 07 completed successfully
2025-09-06 22:02:21,969 - INFO - _execute_step:304 - ✅ Step 07 completed successfully
2025-09-06 22:02:21,969 - INFO - _execute_step:293 - Executing step 08: 08-gen-completion-summary.md
2025-09-06 22:02:22,078 - INFO - _execute_document_workflow:449 - Workflow step 08 completed successfully
2025-09-06 22:02:22,078 - INFO - _execute_step:304 - ✅ Step 08 completed successfully
2025-09-06 22:02:22,079 - INFO - _execute_step:293 - Executing step 09: 09-gen-project-history.md
2025-09-06 22:02:22,195 - INFO - _execute_document_workflow:449 - Workflow step 09 completed successfully
2025-09-06 22:02:22,195 - INFO - _execute_step:304 - ✅ Step 09 completed successfully
2025-09-06 22:02:22,195 - INFO - execute_workflow:283 - 🎉 Workflow completed successfully!
2025-09-06 22:02:22,352 - INFO - execute_workflow:249 - Starting workflow execution: standalone-20250906_220219
2025-09-06 22:02:22,353 - INFO - _execute_step:293 - Executing step 01: 01-mvp-entrypoint.md
2025-09-06 22:02:22,464 - INFO - _execute_document_workflow:449 - Workflow step 01 completed successfully
2025-09-06 22:02:22,465 - INFO - _execute_step:304 - ✅ Step 01 completed successfully
2025-09-06 22:02:22,465 - INFO - _execute_step:293 - Executing step 02: 02-gen-prd.md
2025-09-06 22:02:22,566 - INFO - _execute_document_workflow:449 - Workflow step 02 completed successfully
2025-09-06 22:02:22,566 - INFO - _execute_step:304 - ✅ Step 02 completed successfully
2025-09-06 22:02:22,566 - INFO - _execute_step:293 - Executing step 03: 03-gen-srs.md
2025-09-06 22:02:22,676 - INFO - _execute_document_workflow:449 - Workflow step 03 completed successfully
2025-09-06 22:02:22,676 - INFO - _execute_step:304 - ✅ Step 03 completed successfully
2025-09-06 22:02:22,676 - INFO - _execute_step:293 - Executing step 04: 04-gen-design-decisions-lite.md
2025-09-06 22:02:22,786 - INFO - _execute_document_workflow:449 - Workflow step 04 completed successfully
2025-09-06 22:02:22,786 - INFO - _execute_step:304 - ✅ Step 04 completed successfully
2025-09-06 22:02:22,786 - INFO - _execute_step:293 - Executing step 05: 05-gen-design.md
2025-09-06 22:02:22,893 - INFO - _execute_document_workflow:449 - Workflow step 05 completed successfully
2025-09-06 22:02:22,893 - INFO - _execute_step:304 - ✅ Step 05 completed successfully
2025-09-06 22:02:22,893 - INFO - _execute_step:293 - Executing step 06: 06-gen-tasks-and-testing.md
2025-09-06 22:02:22,993 - INFO - _execute_document_workflow:449 - Workflow step 06 completed successfully
2025-09-06 22:02:22,993 - INFO - _execute_step:304 - ✅ Step 06 completed successfully
2025-09-06 22:02:22,993 - INFO - _execute_step:293 - Executing step 07: 07-process-tasks.md
2025-09-06 22:02:23,098 - INFO - _execute_document_workflow:449 - Workflow step 07 completed successfully
2025-09-06 22:02:23,098 - INFO - _execute_step:304 - ✅ Step 07 completed successfully
2025-09-06 22:02:23,099 - INFO - _execute_step:293 - Executing step 08: 08-gen-completion-summary.md
2025-09-06 22:02:23,197 - INFO - _execute_document_workflow:449 - Workflow step 08 completed successfully
2025-09-06 22:02:23,198 - INFO - _execute_step:304 - ✅ Step 08 completed successfully
2025-09-06 22:02:23,198 - INFO - _execute_step:293 - Executing step 09: 09-gen-project-history.md
2025-09-06 22:02:23,313 - INFO - _execute_document_workflow:449 - Workflow step 09 completed successfully
2025-09-06 22:02:23,313 - INFO - _execute_step:304 - ✅ Step 09 completed successfully
2025-09-06 22:02:23,314 - INFO - execute_workflow:283 - 🎉 Workflow completed successfully!
2025-09-06 22:05:45,375 - INFO - execute_workflow:249 - Starting workflow execution: my-webapp-mvp-initialization
